#-----------------------------------------------------------
# Vivado v2016.2 (64-bit)
# SW Build 1577090 on Thu Jun  2 16:32:40 MDT 2016
# IP Build 1577682 on Fri Jun  3 12:00:54 MDT 2016
# Start of session at: Wed Jul 06 19:38:38 2016
# Process ID: 9544
# Current directory: C:/Users/Asus/Desktop/MicroZed/ZedBoard
# Command line: vivado.exe -gui_launcher_event rodinguilauncherevent9984 C:\Users\Asus\Desktop\MicroZed\ZedBoard\ZedBoard.xpr
# Log file: C:/Users/Asus/Desktop/MicroZed/ZedBoard/vivado.log
# Journal file: C:/Users/Asus/Desktop/MicroZed/ZedBoard\vivado.jou
#-----------------------------------------------------------
start_gui
open_project C:/Users/Asus/Desktop/MicroZed/ZedBoard/ZedBoard.xpr
Scanning sources...
Finished scanning sources
INFO: [IP_Flow 19-234] Refreshing IP repositories
INFO: [IP_Flow 19-1704] No user IP repositories specified
INFO: [IP_Flow 19-2313] Loaded Vivado IP repository 'C:/Xilinx/Vivado/2016.2/data/ip'.
open_project: Time (s): cpu = 00:00:51 ; elapsed = 00:00:34 . Memory (MB): peak = 756.086 ; gain = 120.367
update_compile_order -fileset sources_1
open_bd_design {C:/Users/Asus/Desktop/MicroZed/ZedBoard/ZedBoard.srcs/sources_1/bd/System/System.bd}
Adding cell -- xilinx.com:ip:processing_system7:5.5 - processing_system7_0
Successfully read diagram <System> from BD file <C:/Users/Asus/Desktop/MicroZed/ZedBoard/ZedBoard.srcs/sources_1/bd/System/System.bd>
open_bd_design: Time (s): cpu = 00:00:27 ; elapsed = 00:00:19 . Memory (MB): peak = 794.352 ; gain = 14.945
startgroup
create_bd_cell -type ip -vlnv xilinx.com:ip:axi_gpio:2.0 axi_gpio_0
create_bd_cell: Time (s): cpu = 00:00:09 ; elapsed = 00:00:06 . Memory (MB): peak = 839.434 ; gain = 0.000
endgroup
apply_bd_automation -rule xilinx.com:bd_rule:board  [get_bd_intf_pins axi_gpio_0/GPIO]
INFO: [board_rule 100-100] create_bd_intf_port -mode Master -vlnv xilinx.com:interface:gpio_rtl:1.0 gpio_rtl
INFO: [board_rule 100-100] connect_bd_intf_net /gpio_rtl /axi_gpio_0/GPIO
WARNING: [board_rule 100-100] Board automation did not generate location constraint for /axi_gpio_0/GPIO. Users may need to specify the location constraint manually.
delete_bd_objs [get_bd_intf_nets processing_system7_0_DDR] [get_bd_intf_nets processing_system7_0_FIXED_IO] [get_bd_cells processing_system7_0]
delete_bd_objs [get_bd_intf_ports DDR]
delete_bd_objs [get_bd_intf_ports FIXED_IO]
delete_bd_objs [get_bd_intf_nets axi_gpio_0_GPIO] [get_bd_cells axi_gpio_0]
delete_bd_objs [get_bd_intf_ports gpio_rtl]
remove_files C:/Users/Asus/Desktop/MicroZed/ZedBoard/ZedBoard.srcs/sources_1/bd/System/hdl/System_wrapper.v
update_compile_order -fileset sources_1
update_compile_order -fileset sim_1
startgroup
create_bd_cell -type ip -vlnv xilinx.com:ip:processing_system7:5.5 processing_system7_0
create_bd_cell: Time (s): cpu = 00:00:15 ; elapsed = 00:00:13 . Memory (MB): peak = 942.730 ; gain = 13.168
endgroup
startgroup
create_bd_cell -type ip -vlnv xilinx.com:ip:axi_gpio:2.0 axi_gpio_0
endgroup
startgroup
create_bd_intf_port -mode Master -vlnv xilinx.com:interface:gpio_rtl:1.0 GPIO
connect_bd_intf_net [get_bd_intf_pins axi_gpio_0/GPIO] [get_bd_intf_ports GPIO]
endgroup
INFO: [Ipptcl 7-1463] No Compatible Board Interface found. Board Tab not created in customize GUI
startgroup
set_property -dict [list CONFIG.C_GPIO_WIDTH {2} CONFIG.C_ALL_OUTPUTS {1}] [get_bd_cells axi_gpio_0]
endgroup
apply_bd_automation -rule xilinx.com:bd_rule:axi4 -config {Master "/processing_system7_0/M_AXI_GP0" Clk "Auto" }  [get_bd_intf_pins axi_gpio_0/S_AXI]
create_bd_cell: Time (s): cpu = 00:00:09 ; elapsed = 00:00:08 . Memory (MB): peak = 960.574 ; gain = 0.000
create_bd_cell: Time (s): cpu = 00:00:15 ; elapsed = 00:00:15 . Memory (MB): peak = 960.574 ; gain = 0.000
INFO: [Ipptcl 7-1463] No Compatible Board Interface found. Board Tab not created in customize GUI
</axi_gpio_0/S_AXI/Reg> is being mapped into </processing_system7_0/Data> at <0x41200000 [ 64K ]>
apply_bd_automation: Time (s): cpu = 00:00:18 ; elapsed = 00:00:18 . Memory (MB): peak = 960.574 ; gain = 0.000
apply_bd_automation -rule xilinx.com:bd_rule:processing_system7 -config {make_external "FIXED_IO, DDR" apply_board_preset "1" Master "Disable" Slave "Disable" }  [get_bd_cells processing_system7_0]
apply_bd_automation: Time (s): cpu = 00:00:14 ; elapsed = 00:00:14 . Memory (MB): peak = 960.574 ; gain = 0.000
file mkdir C:/Users/Asus/Desktop/MicroZed/ZedBoard/ZedBoard.srcs/constrs_1
file mkdir C:/Users/Asus/Desktop/MicroZed/ZedBoard/ZedBoard.srcs/constrs_1/new
WARNING: [filemgmt 20-342] File / dir doesn't exist, skipping: C:/Users/Asus/Desktop/MicroZed/ZedBoard/ZedBoard.srcs/constrs_1/new/Stepper_DC.xdc
close [ open C:/Users/Asus/Desktop/MicroZed/ZedBoard/ZedBoard.srcs/constrs_1/new/Stepper_DC.xdc w ]
add_files -fileset constrs_1 C:/Users/Asus/Desktop/MicroZed/ZedBoard/ZedBoard.srcs/constrs_1/new/Stepper_DC.xdc
import_files -fileset constrs_1 {{C:/Users/Asus/Downloads/Z7010 or Z7020 MicroZed with MBCC-BRK-PCB-A_v2.xdc}}
remove_files -fileset constrs_1 C:/Users/Asus/Desktop/MicroZed/ZedBoard/ZedBoard.srcs/constrs_1/new/Stepper_DC.xdc
make_wrapper -files [get_files C:/Users/Asus/Desktop/MicroZed/ZedBoard/ZedBoard.srcs/sources_1/bd/System/System.bd] -top
Verilog Output written to : C:/Users/Asus/Desktop/MicroZed/ZedBoard/ZedBoard.srcs/sources_1/bd/System/hdl/System.v
Verilog Output written to : C:/Users/Asus/Desktop/MicroZed/ZedBoard/ZedBoard.srcs/sources_1/bd/System/hdl/System_wrapper.v
Wrote  : <C:/Users/Asus/Desktop/MicroZed/ZedBoard/ZedBoard.srcs/sources_1/bd/System/System.bd> 
make_wrapper: Time (s): cpu = 00:00:12 ; elapsed = 00:00:13 . Memory (MB): peak = 1036.738 ; gain = 28.086
add_files -norecurse C:/Users/Asus/Desktop/MicroZed/ZedBoard/ZedBoard.srcs/sources_1/bd/System/hdl/System_wrapper.v
update_compile_order -fileset sources_1
update_compile_order -fileset sim_1
reset_run synth_1
launch_runs synth_1
INFO: [BD 41-1662] The design 'System.bd' is already validated. Therefore parameter propagation will not be re-run.
Verilog Output written to : C:/Users/Asus/Desktop/MicroZed/ZedBoard/ZedBoard.srcs/sources_1/bd/System/hdl/System.v
Verilog Output written to : C:/Users/Asus/Desktop/MicroZed/ZedBoard/ZedBoard.srcs/sources_1/bd/System/hdl/System_wrapper.v
Wrote  : <C:/Users/Asus/Desktop/MicroZed/ZedBoard/ZedBoard.srcs/sources_1/bd/System/System.bd> 
WARNING: [xilinx.com:ip:processing_system7:5.5-1] System_processing_system7_0_1: The Zynq BFM requires an AXI BFM license to run. Please ensure that you have purchased and setup the AXI BFM license prior to running simulation with this block. Please contact your Xilinx sales office for more information on purchasing this license
INFO: [BD 41-1029] Generation completed for the IP Integrator block processing_system7_0 .
INFO: [BD 41-1029] Generation completed for the IP Integrator block axi_gpio_0 .
INFO: [BD 41-1029] Generation completed for the IP Integrator block rst_processing_system7_0_50M .
Exporting to file C:/Users/Asus/Desktop/MicroZed/ZedBoard/ZedBoard.srcs/sources_1/bd/System/hw_handoff/System.hwh
Generated Block Design Tcl file C:/Users/Asus/Desktop/MicroZed/ZedBoard/ZedBoard.srcs/sources_1/bd/System/hw_handoff/System_bd.tcl
Generated Hardware Definition File C:/Users/Asus/Desktop/MicroZed/ZedBoard/ZedBoard.srcs/sources_1/bd/System/hdl/System.hwdef
INFO: [HDL 9-2216] Analyzing Verilog file "C:/Users/Asus/Desktop/MicroZed/ZedBoard/ZedBoard.srcs/sources_1/bd/System/hdl/System_wrapper.v" into library work [C:/Users/Asus/Desktop/MicroZed/ZedBoard/ZedBoard.srcs/sources_1/bd/System/hdl/System_wrapper.v:1]
INFO: [HDL 9-2216] Analyzing Verilog file "C:/Users/Asus/Desktop/MicroZed/ZedBoard/ZedBoard.srcs/sources_1/bd/System/hdl/System.v" into library work [C:/Users/Asus/Desktop/MicroZed/ZedBoard/ZedBoard.srcs/sources_1/bd/System/hdl/System.v:1]
[Wed Jul 06 19:54:42 2016] Launched synth_1...
Run output will be captured here: C:/Users/Asus/Desktop/MicroZed/ZedBoard/ZedBoard.runs/synth_1/runme.log
launch_runs: Time (s): cpu = 00:02:00 ; elapsed = 00:02:10 . Memory (MB): peak = 1045.852 ; gain = 9.113
launch_runs impl_1
[Wed Jul 06 19:58:24 2016] Launched impl_1...
Run output will be captured here: C:/Users/Asus/Desktop/MicroZed/ZedBoard/ZedBoard.runs/impl_1/runme.log
open_run synth_1 -name synth_1
Design is defaulting to impl run constrset: constrs_1
Design is defaulting to synth run part: xc7z010clg400-1
INFO: [Project 1-479] Netlist was created with Vivado 2016.2
INFO: [Device 21-403] Loading part xc7z010clg400-1
INFO: [Project 1-570] Preparing netlist for logic optimization
Parsing XDC File [c:/Users/Asus/Desktop/MicroZed/ZedBoard/ZedBoard.srcs/sources_1/bd/System/ip/System_processing_system7_0_1/System_processing_system7_0_1.xdc] for cell 'System_i/processing_system7_0/inst'
Finished Parsing XDC File [c:/Users/Asus/Desktop/MicroZed/ZedBoard/ZedBoard.srcs/sources_1/bd/System/ip/System_processing_system7_0_1/System_processing_system7_0_1.xdc] for cell 'System_i/processing_system7_0/inst'
Parsing XDC File [c:/Users/Asus/Desktop/MicroZed/ZedBoard/ZedBoard.srcs/sources_1/bd/System/ip/System_axi_gpio_0_1/System_axi_gpio_0_1_board.xdc] for cell 'System_i/axi_gpio_0/U0'
Finished Parsing XDC File [c:/Users/Asus/Desktop/MicroZed/ZedBoard/ZedBoard.srcs/sources_1/bd/System/ip/System_axi_gpio_0_1/System_axi_gpio_0_1_board.xdc] for cell 'System_i/axi_gpio_0/U0'
Parsing XDC File [c:/Users/Asus/Desktop/MicroZed/ZedBoard/ZedBoard.srcs/sources_1/bd/System/ip/System_axi_gpio_0_1/System_axi_gpio_0_1.xdc] for cell 'System_i/axi_gpio_0/U0'
Finished Parsing XDC File [c:/Users/Asus/Desktop/MicroZed/ZedBoard/ZedBoard.srcs/sources_1/bd/System/ip/System_axi_gpio_0_1/System_axi_gpio_0_1.xdc] for cell 'System_i/axi_gpio_0/U0'
Parsing XDC File [c:/Users/Asus/Desktop/MicroZed/ZedBoard/ZedBoard.srcs/sources_1/bd/System/ip/System_rst_processing_system7_0_50M_0/System_rst_processing_system7_0_50M_0_board.xdc] for cell 'System_i/rst_processing_system7_0_50M/U0'
Finished Parsing XDC File [c:/Users/Asus/Desktop/MicroZed/ZedBoard/ZedBoard.srcs/sources_1/bd/System/ip/System_rst_processing_system7_0_50M_0/System_rst_processing_system7_0_50M_0_board.xdc] for cell 'System_i/rst_processing_system7_0_50M/U0'
Parsing XDC File [c:/Users/Asus/Desktop/MicroZed/ZedBoard/ZedBoard.srcs/sources_1/bd/System/ip/System_rst_processing_system7_0_50M_0/System_rst_processing_system7_0_50M_0.xdc] for cell 'System_i/rst_processing_system7_0_50M/U0'
Finished Parsing XDC File [c:/Users/Asus/Desktop/MicroZed/ZedBoard/ZedBoard.srcs/sources_1/bd/System/ip/System_rst_processing_system7_0_50M_0/System_rst_processing_system7_0_50M_0.xdc] for cell 'System_i/rst_processing_system7_0_50M/U0'
Parsing XDC File [C:/Users/Asus/Desktop/MicroZed/ZedBoard/ZedBoard.srcs/constrs_1/imports/Downloads/Z7010 or Z7020 MicroZed with MBCC-BRK-PCB-A_v2.xdc]
WARNING: [Vivado 12-584] No ports matched 'IO_0_34'. [C:/Users/Asus/Desktop/MicroZed/ZedBoard/ZedBoard.srcs/constrs_1/imports/Downloads/Z7010 or Z7020 MicroZed with MBCC-BRK-PCB-A_v2.xdc:62]
CRITICAL WARNING: [Common 17-55] 'set_property' expects at least one object. [C:/Users/Asus/Desktop/MicroZed/ZedBoard/ZedBoard.srcs/constrs_1/imports/Downloads/Z7010 or Z7020 MicroZed with MBCC-BRK-PCB-A_v2.xdc:62]
Resolution: If [get_<value>] was used to populate the object, check to make sure this command returns at least one valid object.
WARNING: [Vivado 12-584] No ports matched 'IO_25_34'. [C:/Users/Asus/Desktop/MicroZed/ZedBoard/ZedBoard.srcs/constrs_1/imports/Downloads/Z7010 or Z7020 MicroZed with MBCC-BRK-PCB-A_v2.xdc:63]
CRITICAL WARNING: [Common 17-55] 'set_property' expects at least one object. [C:/Users/Asus/Desktop/MicroZed/ZedBoard/ZedBoard.srcs/constrs_1/imports/Downloads/Z7010 or Z7020 MicroZed with MBCC-BRK-PCB-A_v2.xdc:63]
Resolution: If [get_<value>] was used to populate the object, check to make sure this command returns at least one valid object.
WARNING: [Vivado 12-584] No ports matched 'IO_L1N_T0_34'. [C:/Users/Asus/Desktop/MicroZed/ZedBoard/ZedBoard.srcs/constrs_1/imports/Downloads/Z7010 or Z7020 MicroZed with MBCC-BRK-PCB-A_v2.xdc:64]
CRITICAL WARNING: [Common 17-55] 'set_property' expects at least one object. [C:/Users/Asus/Desktop/MicroZed/ZedBoard/ZedBoard.srcs/constrs_1/imports/Downloads/Z7010 or Z7020 MicroZed with MBCC-BRK-PCB-A_v2.xdc:64]
Resolution: If [get_<value>] was used to populate the object, check to make sure this command returns at least one valid object.
WARNING: [Vivado 12-584] No ports matched 'IO_L1P_T0_34'. [C:/Users/Asus/Desktop/MicroZed/ZedBoard/ZedBoard.srcs/constrs_1/imports/Downloads/Z7010 or Z7020 MicroZed with MBCC-BRK-PCB-A_v2.xdc:65]
CRITICAL WARNING: [Common 17-55] 'set_property' expects at least one object. [C:/Users/Asus/Desktop/MicroZed/ZedBoard/ZedBoard.srcs/constrs_1/imports/Downloads/Z7010 or Z7020 MicroZed with MBCC-BRK-PCB-A_v2.xdc:65]
Resolution: If [get_<value>] was used to populate the object, check to make sure this command returns at least one valid object.
WARNING: [Vivado 12-584] No ports matched 'IO_L2N_T0_34'. [C:/Users/Asus/Desktop/MicroZed/ZedBoard/ZedBoard.srcs/constrs_1/imports/Downloads/Z7010 or Z7020 MicroZed with MBCC-BRK-PCB-A_v2.xdc:66]
CRITICAL WARNING: [Common 17-55] 'set_property' expects at least one object. [C:/Users/Asus/Desktop/MicroZed/ZedBoard/ZedBoard.srcs/constrs_1/imports/Downloads/Z7010 or Z7020 MicroZed with MBCC-BRK-PCB-A_v2.xdc:66]
Resolution: If [get_<value>] was used to populate the object, check to make sure this command returns at least one valid object.
WARNING: [Vivado 12-584] No ports matched 'IO_L2P_T0_34'. [C:/Users/Asus/Desktop/MicroZed/ZedBoard/ZedBoard.srcs/constrs_1/imports/Downloads/Z7010 or Z7020 MicroZed with MBCC-BRK-PCB-A_v2.xdc:67]
CRITICAL WARNING: [Common 17-55] 'set_property' expects at least one object. [C:/Users/Asus/Desktop/MicroZed/ZedBoard/ZedBoard.srcs/constrs_1/imports/Downloads/Z7010 or Z7020 MicroZed with MBCC-BRK-PCB-A_v2.xdc:67]
Resolution: If [get_<value>] was used to populate the object, check to make sure this command returns at least one valid object.
WARNING: [Vivado 12-584] No ports matched 'IO_L3N_T0_34'. [C:/Users/Asus/Desktop/MicroZed/ZedBoard/ZedBoard.srcs/constrs_1/imports/Downloads/Z7010 or Z7020 MicroZed with MBCC-BRK-PCB-A_v2.xdc:68]
CRITICAL WARNING: [Common 17-55] 'set_property' expects at least one object. [C:/Users/Asus/Desktop/MicroZed/ZedBoard/ZedBoard.srcs/constrs_1/imports/Downloads/Z7010 or Z7020 MicroZed with MBCC-BRK-PCB-A_v2.xdc:68]
Resolution: If [get_<value>] was used to populate the object, check to make sure this command returns at least one valid object.
WARNING: [Vivado 12-584] No ports matched 'IO_L3P_T0_34'. [C:/Users/Asus/Desktop/MicroZed/ZedBoard/ZedBoard.srcs/constrs_1/imports/Downloads/Z7010 or Z7020 MicroZed with MBCC-BRK-PCB-A_v2.xdc:69]
CRITICAL WARNING: [Common 17-55] 'set_property' expects at least one object. [C:/Users/Asus/Desktop/MicroZed/ZedBoard/ZedBoard.srcs/constrs_1/imports/Downloads/Z7010 or Z7020 MicroZed with MBCC-BRK-PCB-A_v2.xdc:69]
Resolution: If [get_<value>] was used to populate the object, check to make sure this command returns at least one valid object.
WARNING: [Vivado 12-584] No ports matched 'IO_L4N_T0_34'. [C:/Users/Asus/Desktop/MicroZed/ZedBoard/ZedBoard.srcs/constrs_1/imports/Downloads/Z7010 or Z7020 MicroZed with MBCC-BRK-PCB-A_v2.xdc:70]
CRITICAL WARNING: [Common 17-55] 'set_property' expects at least one object. [C:/Users/Asus/Desktop/MicroZed/ZedBoard/ZedBoard.srcs/constrs_1/imports/Downloads/Z7010 or Z7020 MicroZed with MBCC-BRK-PCB-A_v2.xdc:70]
Resolution: If [get_<value>] was used to populate the object, check to make sure this command returns at least one valid object.
WARNING: [Vivado 12-584] No ports matched 'IO_L4P_T0_34'. [C:/Users/Asus/Desktop/MicroZed/ZedBoard/ZedBoard.srcs/constrs_1/imports/Downloads/Z7010 or Z7020 MicroZed with MBCC-BRK-PCB-A_v2.xdc:71]
CRITICAL WARNING: [Common 17-55] 'set_property' expects at least one object. [C:/Users/Asus/Desktop/MicroZed/ZedBoard/ZedBoard.srcs/constrs_1/imports/Downloads/Z7010 or Z7020 MicroZed with MBCC-BRK-PCB-A_v2.xdc:71]
Resolution: If [get_<value>] was used to populate the object, check to make sure this command returns at least one valid object.
WARNING: [Vivado 12-584] No ports matched 'IO_L5N_T0_34'. [C:/Users/Asus/Desktop/MicroZed/ZedBoard/ZedBoard.srcs/constrs_1/imports/Downloads/Z7010 or Z7020 MicroZed with MBCC-BRK-PCB-A_v2.xdc:72]
CRITICAL WARNING: [Common 17-55] 'set_property' expects at least one object. [C:/Users/Asus/Desktop/MicroZed/ZedBoard/ZedBoard.srcs/constrs_1/imports/Downloads/Z7010 or Z7020 MicroZed with MBCC-BRK-PCB-A_v2.xdc:72]
Resolution: If [get_<value>] was used to populate the object, check to make sure this command returns at least one valid object.
WARNING: [Vivado 12-584] No ports matched 'IO_L5P_T0_34'. [C:/Users/Asus/Desktop/MicroZed/ZedBoard/ZedBoard.srcs/constrs_1/imports/Downloads/Z7010 or Z7020 MicroZed with MBCC-BRK-PCB-A_v2.xdc:73]
CRITICAL WARNING: [Common 17-55] 'set_property' expects at least one object. [C:/Users/Asus/Desktop/MicroZed/ZedBoard/ZedBoard.srcs/constrs_1/imports/Downloads/Z7010 or Z7020 MicroZed with MBCC-BRK-PCB-A_v2.xdc:73]
Resolution: If [get_<value>] was used to populate the object, check to make sure this command returns at least one valid object.
WARNING: [Vivado 12-584] No ports matched 'IO_L6N_T0_34'. [C:/Users/Asus/Desktop/MicroZed/ZedBoard/ZedBoard.srcs/constrs_1/imports/Downloads/Z7010 or Z7020 MicroZed with MBCC-BRK-PCB-A_v2.xdc:74]
CRITICAL WARNING: [Common 17-55] 'set_property' expects at least one object. [C:/Users/Asus/Desktop/MicroZed/ZedBoard/ZedBoard.srcs/constrs_1/imports/Downloads/Z7010 or Z7020 MicroZed with MBCC-BRK-PCB-A_v2.xdc:74]
Resolution: If [get_<value>] was used to populate the object, check to make sure this command returns at least one valid object.
WARNING: [Vivado 12-584] No ports matched 'IO_L6P_T0_34'. [C:/Users/Asus/Desktop/MicroZed/ZedBoard/ZedBoard.srcs/constrs_1/imports/Downloads/Z7010 or Z7020 MicroZed with MBCC-BRK-PCB-A_v2.xdc:75]
CRITICAL WARNING: [Common 17-55] 'set_property' expects at least one object. [C:/Users/Asus/Desktop/MicroZed/ZedBoard/ZedBoard.srcs/constrs_1/imports/Downloads/Z7010 or Z7020 MicroZed with MBCC-BRK-PCB-A_v2.xdc:75]
Resolution: If [get_<value>] was used to populate the object, check to make sure this command returns at least one valid object.
WARNING: [Vivado 12-584] No ports matched 'IO_L7N_T1_34'. [C:/Users/Asus/Desktop/MicroZed/ZedBoard/ZedBoard.srcs/constrs_1/imports/Downloads/Z7010 or Z7020 MicroZed with MBCC-BRK-PCB-A_v2.xdc:76]
CRITICAL WARNING: [Common 17-55] 'set_property' expects at least one object. [C:/Users/Asus/Desktop/MicroZed/ZedBoard/ZedBoard.srcs/constrs_1/imports/Downloads/Z7010 or Z7020 MicroZed with MBCC-BRK-PCB-A_v2.xdc:76]
Resolution: If [get_<value>] was used to populate the object, check to make sure this command returns at least one valid object.
WARNING: [Vivado 12-584] No ports matched 'IO_L7P_T1_34'. [C:/Users/Asus/Desktop/MicroZed/ZedBoard/ZedBoard.srcs/constrs_1/imports/Downloads/Z7010 or Z7020 MicroZed with MBCC-BRK-PCB-A_v2.xdc:77]
CRITICAL WARNING: [Common 17-55] 'set_property' expects at least one object. [C:/Users/Asus/Desktop/MicroZed/ZedBoard/ZedBoard.srcs/constrs_1/imports/Downloads/Z7010 or Z7020 MicroZed with MBCC-BRK-PCB-A_v2.xdc:77]
Resolution: If [get_<value>] was used to populate the object, check to make sure this command returns at least one valid object.
WARNING: [Vivado 12-584] No ports matched 'IO_L8N_T1_34'. [C:/Users/Asus/Desktop/MicroZed/ZedBoard/ZedBoard.srcs/constrs_1/imports/Downloads/Z7010 or Z7020 MicroZed with MBCC-BRK-PCB-A_v2.xdc:78]
CRITICAL WARNING: [Common 17-55] 'set_property' expects at least one object. [C:/Users/Asus/Desktop/MicroZed/ZedBoard/ZedBoard.srcs/constrs_1/imports/Downloads/Z7010 or Z7020 MicroZed with MBCC-BRK-PCB-A_v2.xdc:78]
Resolution: If [get_<value>] was used to populate the object, check to make sure this command returns at least one valid object.
WARNING: [Vivado 12-584] No ports matched 'IO_L8P_T1_34'. [C:/Users/Asus/Desktop/MicroZed/ZedBoard/ZedBoard.srcs/constrs_1/imports/Downloads/Z7010 or Z7020 MicroZed with MBCC-BRK-PCB-A_v2.xdc:79]
CRITICAL WARNING: [Common 17-55] 'set_property' expects at least one object. [C:/Users/Asus/Desktop/MicroZed/ZedBoard/ZedBoard.srcs/constrs_1/imports/Downloads/Z7010 or Z7020 MicroZed with MBCC-BRK-PCB-A_v2.xdc:79]
Resolution: If [get_<value>] was used to populate the object, check to make sure this command returns at least one valid object.
WARNING: [Vivado 12-584] No ports matched 'IO_L9N_T1_34'. [C:/Users/Asus/Desktop/MicroZed/ZedBoard/ZedBoard.srcs/constrs_1/imports/Downloads/Z7010 or Z7020 MicroZed with MBCC-BRK-PCB-A_v2.xdc:80]
CRITICAL WARNING: [Common 17-55] 'set_property' expects at least one object. [C:/Users/Asus/Desktop/MicroZed/ZedBoard/ZedBoard.srcs/constrs_1/imports/Downloads/Z7010 or Z7020 MicroZed with MBCC-BRK-PCB-A_v2.xdc:80]
Resolution: If [get_<value>] was used to populate the object, check to make sure this command returns at least one valid object.
WARNING: [Vivado 12-584] No ports matched 'IO_L9P_T1_34'. [C:/Users/Asus/Desktop/MicroZed/ZedBoard/ZedBoard.srcs/constrs_1/imports/Downloads/Z7010 or Z7020 MicroZed with MBCC-BRK-PCB-A_v2.xdc:81]
CRITICAL WARNING: [Common 17-55] 'set_property' expects at least one object. [C:/Users/Asus/Desktop/MicroZed/ZedBoard/ZedBoard.srcs/constrs_1/imports/Downloads/Z7010 or Z7020 MicroZed with MBCC-BRK-PCB-A_v2.xdc:81]
Resolution: If [get_<value>] was used to populate the object, check to make sure this command returns at least one valid object.
WARNING: [Vivado 12-584] No ports matched 'IO_L10N_T1_34'. [C:/Users/Asus/Desktop/MicroZed/ZedBoard/ZedBoard.srcs/constrs_1/imports/Downloads/Z7010 or Z7020 MicroZed with MBCC-BRK-PCB-A_v2.xdc:82]
CRITICAL WARNING: [Common 17-55] 'set_property' expects at least one object. [C:/Users/Asus/Desktop/MicroZed/ZedBoard/ZedBoard.srcs/constrs_1/imports/Downloads/Z7010 or Z7020 MicroZed with MBCC-BRK-PCB-A_v2.xdc:82]
Resolution: If [get_<value>] was used to populate the object, check to make sure this command returns at least one valid object.
WARNING: [Vivado 12-584] No ports matched 'IO_L10P_T1_34'. [C:/Users/Asus/Desktop/MicroZed/ZedBoard/ZedBoard.srcs/constrs_1/imports/Downloads/Z7010 or Z7020 MicroZed with MBCC-BRK-PCB-A_v2.xdc:83]
CRITICAL WARNING: [Common 17-55] 'set_property' expects at least one object. [C:/Users/Asus/Desktop/MicroZed/ZedBoard/ZedBoard.srcs/constrs_1/imports/Downloads/Z7010 or Z7020 MicroZed with MBCC-BRK-PCB-A_v2.xdc:83]
Resolution: If [get_<value>] was used to populate the object, check to make sure this command returns at least one valid object.
WARNING: [Vivado 12-584] No ports matched 'IO_L11N_T1_34'. [C:/Users/Asus/Desktop/MicroZed/ZedBoard/ZedBoard.srcs/constrs_1/imports/Downloads/Z7010 or Z7020 MicroZed with MBCC-BRK-PCB-A_v2.xdc:84]
CRITICAL WARNING: [Common 17-55] 'set_property' expects at least one object. [C:/Users/Asus/Desktop/MicroZed/ZedBoard/ZedBoard.srcs/constrs_1/imports/Downloads/Z7010 or Z7020 MicroZed with MBCC-BRK-PCB-A_v2.xdc:84]
Resolution: If [get_<value>] was used to populate the object, check to make sure this command returns at least one valid object.
WARNING: [Vivado 12-584] No ports matched 'IO_L11P_T1_34'. [C:/Users/Asus/Desktop/MicroZed/ZedBoard/ZedBoard.srcs/constrs_1/imports/Downloads/Z7010 or Z7020 MicroZed with MBCC-BRK-PCB-A_v2.xdc:85]
CRITICAL WARNING: [Common 17-55] 'set_property' expects at least one object. [C:/Users/Asus/Desktop/MicroZed/ZedBoard/ZedBoard.srcs/constrs_1/imports/Downloads/Z7010 or Z7020 MicroZed with MBCC-BRK-PCB-A_v2.xdc:85]
Resolution: If [get_<value>] was used to populate the object, check to make sure this command returns at least one valid object.
WARNING: [Vivado 12-584] No ports matched 'IO_L12N_T1_34'. [C:/Users/Asus/Desktop/MicroZed/ZedBoard/ZedBoard.srcs/constrs_1/imports/Downloads/Z7010 or Z7020 MicroZed with MBCC-BRK-PCB-A_v2.xdc:86]
CRITICAL WARNING: [Common 17-55] 'set_property' expects at least one object. [C:/Users/Asus/Desktop/MicroZed/ZedBoard/ZedBoard.srcs/constrs_1/imports/Downloads/Z7010 or Z7020 MicroZed with MBCC-BRK-PCB-A_v2.xdc:86]
Resolution: If [get_<value>] was used to populate the object, check to make sure this command returns at least one valid object.
WARNING: [Vivado 12-584] No ports matched 'IO_L12P_T1_34'. [C:/Users/Asus/Desktop/MicroZed/ZedBoard/ZedBoard.srcs/constrs_1/imports/Downloads/Z7010 or Z7020 MicroZed with MBCC-BRK-PCB-A_v2.xdc:87]
CRITICAL WARNING: [Common 17-55] 'set_property' expects at least one object. [C:/Users/Asus/Desktop/MicroZed/ZedBoard/ZedBoard.srcs/constrs_1/imports/Downloads/Z7010 or Z7020 MicroZed with MBCC-BRK-PCB-A_v2.xdc:87]
Resolution: If [get_<value>] was used to populate the object, check to make sure this command returns at least one valid object.
WARNING: [Vivado 12-584] No ports matched 'IO_L13N_T2_34'. [C:/Users/Asus/Desktop/MicroZed/ZedBoard/ZedBoard.srcs/constrs_1/imports/Downloads/Z7010 or Z7020 MicroZed with MBCC-BRK-PCB-A_v2.xdc:88]
CRITICAL WARNING: [Common 17-55] 'set_property' expects at least one object. [C:/Users/Asus/Desktop/MicroZed/ZedBoard/ZedBoard.srcs/constrs_1/imports/Downloads/Z7010 or Z7020 MicroZed with MBCC-BRK-PCB-A_v2.xdc:88]
Resolution: If [get_<value>] was used to populate the object, check to make sure this command returns at least one valid object.
WARNING: [Vivado 12-584] No ports matched 'IO_L13P_T2_34'. [C:/Users/Asus/Desktop/MicroZed/ZedBoard/ZedBoard.srcs/constrs_1/imports/Downloads/Z7010 or Z7020 MicroZed with MBCC-BRK-PCB-A_v2.xdc:89]
CRITICAL WARNING: [Common 17-55] 'set_property' expects at least one object. [C:/Users/Asus/Desktop/MicroZed/ZedBoard/ZedBoard.srcs/constrs_1/imports/Downloads/Z7010 or Z7020 MicroZed with MBCC-BRK-PCB-A_v2.xdc:89]
Resolution: If [get_<value>] was used to populate the object, check to make sure this command returns at least one valid object.
WARNING: [Vivado 12-584] No ports matched 'IO_L14N_T2_34'. [C:/Users/Asus/Desktop/MicroZed/ZedBoard/ZedBoard.srcs/constrs_1/imports/Downloads/Z7010 or Z7020 MicroZed with MBCC-BRK-PCB-A_v2.xdc:90]
CRITICAL WARNING: [Common 17-55] 'set_property' expects at least one object. [C:/Users/Asus/Desktop/MicroZed/ZedBoard/ZedBoard.srcs/constrs_1/imports/Downloads/Z7010 or Z7020 MicroZed with MBCC-BRK-PCB-A_v2.xdc:90]
Resolution: If [get_<value>] was used to populate the object, check to make sure this command returns at least one valid object.
WARNING: [Vivado 12-584] No ports matched 'IO_L14P_T2_34'. [C:/Users/Asus/Desktop/MicroZed/ZedBoard/ZedBoard.srcs/constrs_1/imports/Downloads/Z7010 or Z7020 MicroZed with MBCC-BRK-PCB-A_v2.xdc:91]
CRITICAL WARNING: [Common 17-55] 'set_property' expects at least one object. [C:/Users/Asus/Desktop/MicroZed/ZedBoard/ZedBoard.srcs/constrs_1/imports/Downloads/Z7010 or Z7020 MicroZed with MBCC-BRK-PCB-A_v2.xdc:91]
Resolution: If [get_<value>] was used to populate the object, check to make sure this command returns at least one valid object.
WARNING: [Vivado 12-584] No ports matched 'IO_L15N_T2_34'. [C:/Users/Asus/Desktop/MicroZed/ZedBoard/ZedBoard.srcs/constrs_1/imports/Downloads/Z7010 or Z7020 MicroZed with MBCC-BRK-PCB-A_v2.xdc:92]
CRITICAL WARNING: [Common 17-55] 'set_property' expects at least one object. [C:/Users/Asus/Desktop/MicroZed/ZedBoard/ZedBoard.srcs/constrs_1/imports/Downloads/Z7010 or Z7020 MicroZed with MBCC-BRK-PCB-A_v2.xdc:92]
Resolution: If [get_<value>] was used to populate the object, check to make sure this command returns at least one valid object.
WARNING: [Vivado 12-584] No ports matched 'IO_L15P_T2_34'. [C:/Users/Asus/Desktop/MicroZed/ZedBoard/ZedBoard.srcs/constrs_1/imports/Downloads/Z7010 or Z7020 MicroZed with MBCC-BRK-PCB-A_v2.xdc:93]
CRITICAL WARNING: [Common 17-55] 'set_property' expects at least one object. [C:/Users/Asus/Desktop/MicroZed/ZedBoard/ZedBoard.srcs/constrs_1/imports/Downloads/Z7010 or Z7020 MicroZed with MBCC-BRK-PCB-A_v2.xdc:93]
Resolution: If [get_<value>] was used to populate the object, check to make sure this command returns at least one valid object.
WARNING: [Vivado 12-584] No ports matched 'IO_L16N_T2_34'. [C:/Users/Asus/Desktop/MicroZed/ZedBoard/ZedBoard.srcs/constrs_1/imports/Downloads/Z7010 or Z7020 MicroZed with MBCC-BRK-PCB-A_v2.xdc:94]
CRITICAL WARNING: [Common 17-55] 'set_property' expects at least one object. [C:/Users/Asus/Desktop/MicroZed/ZedBoard/ZedBoard.srcs/constrs_1/imports/Downloads/Z7010 or Z7020 MicroZed with MBCC-BRK-PCB-A_v2.xdc:94]
Resolution: If [get_<value>] was used to populate the object, check to make sure this command returns at least one valid object.
WARNING: [Vivado 12-584] No ports matched 'IO_L16P_T2_34'. [C:/Users/Asus/Desktop/MicroZed/ZedBoard/ZedBoard.srcs/constrs_1/imports/Downloads/Z7010 or Z7020 MicroZed with MBCC-BRK-PCB-A_v2.xdc:95]
CRITICAL WARNING: [Common 17-55] 'set_property' expects at least one object. [C:/Users/Asus/Desktop/MicroZed/ZedBoard/ZedBoard.srcs/constrs_1/imports/Downloads/Z7010 or Z7020 MicroZed with MBCC-BRK-PCB-A_v2.xdc:95]
Resolution: If [get_<value>] was used to populate the object, check to make sure this command returns at least one valid object.
WARNING: [Vivado 12-584] No ports matched 'IO_L17N_T2_34'. [C:/Users/Asus/Desktop/MicroZed/ZedBoard/ZedBoard.srcs/constrs_1/imports/Downloads/Z7010 or Z7020 MicroZed with MBCC-BRK-PCB-A_v2.xdc:96]
CRITICAL WARNING: [Common 17-55] 'set_property' expects at least one object. [C:/Users/Asus/Desktop/MicroZed/ZedBoard/ZedBoard.srcs/constrs_1/imports/Downloads/Z7010 or Z7020 MicroZed with MBCC-BRK-PCB-A_v2.xdc:96]
Resolution: If [get_<value>] was used to populate the object, check to make sure this command returns at least one valid object.
WARNING: [Vivado 12-584] No ports matched 'IO_L17P_T2_34'. [C:/Users/Asus/Desktop/MicroZed/ZedBoard/ZedBoard.srcs/constrs_1/imports/Downloads/Z7010 or Z7020 MicroZed with MBCC-BRK-PCB-A_v2.xdc:97]
CRITICAL WARNING: [Common 17-55] 'set_property' expects at least one object. [C:/Users/Asus/Desktop/MicroZed/ZedBoard/ZedBoard.srcs/constrs_1/imports/Downloads/Z7010 or Z7020 MicroZed with MBCC-BRK-PCB-A_v2.xdc:97]
Resolution: If [get_<value>] was used to populate the object, check to make sure this command returns at least one valid object.
WARNING: [Vivado 12-584] No ports matched 'IO_L18N_T2_34'. [C:/Users/Asus/Desktop/MicroZed/ZedBoard/ZedBoard.srcs/constrs_1/imports/Downloads/Z7010 or Z7020 MicroZed with MBCC-BRK-PCB-A_v2.xdc:98]
CRITICAL WARNING: [Common 17-55] 'set_property' expects at least one object. [C:/Users/Asus/Desktop/MicroZed/ZedBoard/ZedBoard.srcs/constrs_1/imports/Downloads/Z7010 or Z7020 MicroZed with MBCC-BRK-PCB-A_v2.xdc:98]
Resolution: If [get_<value>] was used to populate the object, check to make sure this command returns at least one valid object.
WARNING: [Vivado 12-584] No ports matched 'IO_L18P_T2_34'. [C:/Users/Asus/Desktop/MicroZed/ZedBoard/ZedBoard.srcs/constrs_1/imports/Downloads/Z7010 or Z7020 MicroZed with MBCC-BRK-PCB-A_v2.xdc:99]
CRITICAL WARNING: [Common 17-55] 'set_property' expects at least one object. [C:/Users/Asus/Desktop/MicroZed/ZedBoard/ZedBoard.srcs/constrs_1/imports/Downloads/Z7010 or Z7020 MicroZed with MBCC-BRK-PCB-A_v2.xdc:99]
Resolution: If [get_<value>] was used to populate the object, check to make sure this command returns at least one valid object.
WARNING: [Vivado 12-584] No ports matched 'IO_L19N_T3_34'. [C:/Users/Asus/Desktop/MicroZed/ZedBoard/ZedBoard.srcs/constrs_1/imports/Downloads/Z7010 or Z7020 MicroZed with MBCC-BRK-PCB-A_v2.xdc:100]
CRITICAL WARNING: [Common 17-55] 'set_property' expects at least one object. [C:/Users/Asus/Desktop/MicroZed/ZedBoard/ZedBoard.srcs/constrs_1/imports/Downloads/Z7010 or Z7020 MicroZed with MBCC-BRK-PCB-A_v2.xdc:100]
Resolution: If [get_<value>] was used to populate the object, check to make sure this command returns at least one valid object.
WARNING: [Vivado 12-584] No ports matched 'IO_L19P_T3_34'. [C:/Users/Asus/Desktop/MicroZed/ZedBoard/ZedBoard.srcs/constrs_1/imports/Downloads/Z7010 or Z7020 MicroZed with MBCC-BRK-PCB-A_v2.xdc:101]
CRITICAL WARNING: [Common 17-55] 'set_property' expects at least one object. [C:/Users/Asus/Desktop/MicroZed/ZedBoard/ZedBoard.srcs/constrs_1/imports/Downloads/Z7010 or Z7020 MicroZed with MBCC-BRK-PCB-A_v2.xdc:101]
Resolution: If [get_<value>] was used to populate the object, check to make sure this command returns at least one valid object.
WARNING: [Vivado 12-584] No ports matched 'IO_L20N_T3_34'. [C:/Users/Asus/Desktop/MicroZed/ZedBoard/ZedBoard.srcs/constrs_1/imports/Downloads/Z7010 or Z7020 MicroZed with MBCC-BRK-PCB-A_v2.xdc:102]
CRITICAL WARNING: [Common 17-55] 'set_property' expects at least one object. [C:/Users/Asus/Desktop/MicroZed/ZedBoard/ZedBoard.srcs/constrs_1/imports/Downloads/Z7010 or Z7020 MicroZed with MBCC-BRK-PCB-A_v2.xdc:102]
Resolution: If [get_<value>] was used to populate the object, check to make sure this command returns at least one valid object.
WARNING: [Vivado 12-584] No ports matched 'IO_L20P_T3_34'. [C:/Users/Asus/Desktop/MicroZed/ZedBoard/ZedBoard.srcs/constrs_1/imports/Downloads/Z7010 or Z7020 MicroZed with MBCC-BRK-PCB-A_v2.xdc:103]
CRITICAL WARNING: [Common 17-55] 'set_property' expects at least one object. [C:/Users/Asus/Desktop/MicroZed/ZedBoard/ZedBoard.srcs/constrs_1/imports/Downloads/Z7010 or Z7020 MicroZed with MBCC-BRK-PCB-A_v2.xdc:103]
Resolution: If [get_<value>] was used to populate the object, check to make sure this command returns at least one valid object.
WARNING: [Vivado 12-584] No ports matched 'IO_L21N_T3_34'. [C:/Users/Asus/Desktop/MicroZed/ZedBoard/ZedBoard.srcs/constrs_1/imports/Downloads/Z7010 or Z7020 MicroZed with MBCC-BRK-PCB-A_v2.xdc:104]
CRITICAL WARNING: [Common 17-55] 'set_property' expects at least one object. [C:/Users/Asus/Desktop/MicroZed/ZedBoard/ZedBoard.srcs/constrs_1/imports/Downloads/Z7010 or Z7020 MicroZed with MBCC-BRK-PCB-A_v2.xdc:104]
Resolution: If [get_<value>] was used to populate the object, check to make sure this command returns at least one valid object.
WARNING: [Vivado 12-584] No ports matched 'IO_L21P_T3_34'. [C:/Users/Asus/Desktop/MicroZed/ZedBoard/ZedBoard.srcs/constrs_1/imports/Downloads/Z7010 or Z7020 MicroZed with MBCC-BRK-PCB-A_v2.xdc:105]
CRITICAL WARNING: [Common 17-55] 'set_property' expects at least one object. [C:/Users/Asus/Desktop/MicroZed/ZedBoard/ZedBoard.srcs/constrs_1/imports/Downloads/Z7010 or Z7020 MicroZed with MBCC-BRK-PCB-A_v2.xdc:105]
Resolution: If [get_<value>] was used to populate the object, check to make sure this command returns at least one valid object.
WARNING: [Vivado 12-584] No ports matched 'IO_L22N_T3_34'. [C:/Users/Asus/Desktop/MicroZed/ZedBoard/ZedBoard.srcs/constrs_1/imports/Downloads/Z7010 or Z7020 MicroZed with MBCC-BRK-PCB-A_v2.xdc:106]
CRITICAL WARNING: [Common 17-55] 'set_property' expects at least one object. [C:/Users/Asus/Desktop/MicroZed/ZedBoard/ZedBoard.srcs/constrs_1/imports/Downloads/Z7010 or Z7020 MicroZed with MBCC-BRK-PCB-A_v2.xdc:106]
Resolution: If [get_<value>] was used to populate the object, check to make sure this command returns at least one valid object.
WARNING: [Vivado 12-584] No ports matched 'IO_L22P_T3_34'. [C:/Users/Asus/Desktop/MicroZed/ZedBoard/ZedBoard.srcs/constrs_1/imports/Downloads/Z7010 or Z7020 MicroZed with MBCC-BRK-PCB-A_v2.xdc:107]
CRITICAL WARNING: [Common 17-55] 'set_property' expects at least one object. [C:/Users/Asus/Desktop/MicroZed/ZedBoard/ZedBoard.srcs/constrs_1/imports/Downloads/Z7010 or Z7020 MicroZed with MBCC-BRK-PCB-A_v2.xdc:107]
Resolution: If [get_<value>] was used to populate the object, check to make sure this command returns at least one valid object.
WARNING: [Vivado 12-584] No ports matched 'IO_L23N_T3_34'. [C:/Users/Asus/Desktop/MicroZed/ZedBoard/ZedBoard.srcs/constrs_1/imports/Downloads/Z7010 or Z7020 MicroZed with MBCC-BRK-PCB-A_v2.xdc:108]
CRITICAL WARNING: [Common 17-55] 'set_property' expects at least one object. [C:/Users/Asus/Desktop/MicroZed/ZedBoard/ZedBoard.srcs/constrs_1/imports/Downloads/Z7010 or Z7020 MicroZed with MBCC-BRK-PCB-A_v2.xdc:108]
Resolution: If [get_<value>] was used to populate the object, check to make sure this command returns at least one valid object.
WARNING: [Vivado 12-584] No ports matched 'IO_L23P_T3_34'. [C:/Users/Asus/Desktop/MicroZed/ZedBoard/ZedBoard.srcs/constrs_1/imports/Downloads/Z7010 or Z7020 MicroZed with MBCC-BRK-PCB-A_v2.xdc:109]
CRITICAL WARNING: [Common 17-55] 'set_property' expects at least one object. [C:/Users/Asus/Desktop/MicroZed/ZedBoard/ZedBoard.srcs/constrs_1/imports/Downloads/Z7010 or Z7020 MicroZed with MBCC-BRK-PCB-A_v2.xdc:109]
Resolution: If [get_<value>] was used to populate the object, check to make sure this command returns at least one valid object.
WARNING: [Vivado 12-584] No ports matched 'IO_L24N_T3_34'. [C:/Users/Asus/Desktop/MicroZed/ZedBoard/ZedBoard.srcs/constrs_1/imports/Downloads/Z7010 or Z7020 MicroZed with MBCC-BRK-PCB-A_v2.xdc:110]
CRITICAL WARNING: [Common 17-55] 'set_property' expects at least one object. [C:/Users/Asus/Desktop/MicroZed/ZedBoard/ZedBoard.srcs/constrs_1/imports/Downloads/Z7010 or Z7020 MicroZed with MBCC-BRK-PCB-A_v2.xdc:110]
Resolution: If [get_<value>] was used to populate the object, check to make sure this command returns at least one valid object.
WARNING: [Vivado 12-584] No ports matched 'IO_L24P_T3_34'. [C:/Users/Asus/Desktop/MicroZed/ZedBoard/ZedBoard.srcs/constrs_1/imports/Downloads/Z7010 or Z7020 MicroZed with MBCC-BRK-PCB-A_v2.xdc:111]
CRITICAL WARNING: [Common 17-55] 'set_property' expects at least one object. [C:/Users/Asus/Desktop/MicroZed/ZedBoard/ZedBoard.srcs/constrs_1/imports/Downloads/Z7010 or Z7020 MicroZed with MBCC-BRK-PCB-A_v2.xdc:111]
Resolution: If [get_<value>] was used to populate the object, check to make sure this command returns at least one valid object.
WARNING: [Vivado 12-584] No ports matched 'IO_0_35'. [C:/Users/Asus/Desktop/MicroZed/ZedBoard/ZedBoard.srcs/constrs_1/imports/Downloads/Z7010 or Z7020 MicroZed with MBCC-BRK-PCB-A_v2.xdc:117]
CRITICAL WARNING: [Common 17-55] 'set_property' expects at least one object. [C:/Users/Asus/Desktop/MicroZed/ZedBoard/ZedBoard.srcs/constrs_1/imports/Downloads/Z7010 or Z7020 MicroZed with MBCC-BRK-PCB-A_v2.xdc:117]
Resolution: If [get_<value>] was used to populate the object, check to make sure this command returns at least one valid object.
WARNING: [Vivado 12-584] No ports matched 'IO_25_35'. [C:/Users/Asus/Desktop/MicroZed/ZedBoard/ZedBoard.srcs/constrs_1/imports/Downloads/Z7010 or Z7020 MicroZed with MBCC-BRK-PCB-A_v2.xdc:118]
CRITICAL WARNING: [Common 17-55] 'set_property' expects at least one object. [C:/Users/Asus/Desktop/MicroZed/ZedBoard/ZedBoard.srcs/constrs_1/imports/Downloads/Z7010 or Z7020 MicroZed with MBCC-BRK-PCB-A_v2.xdc:118]
Resolution: If [get_<value>] was used to populate the object, check to make sure this command returns at least one valid object.
WARNING: [Vivado 12-584] No ports matched 'IO_L1N_T0_35'. [C:/Users/Asus/Desktop/MicroZed/ZedBoard/ZedBoard.srcs/constrs_1/imports/Downloads/Z7010 or Z7020 MicroZed with MBCC-BRK-PCB-A_v2.xdc:119]
CRITICAL WARNING: [Common 17-55] 'set_property' expects at least one object. [C:/Users/Asus/Desktop/MicroZed/ZedBoard/ZedBoard.srcs/constrs_1/imports/Downloads/Z7010 or Z7020 MicroZed with MBCC-BRK-PCB-A_v2.xdc:119]
Resolution: If [get_<value>] was used to populate the object, check to make sure this command returns at least one valid object.
WARNING: [Vivado 12-584] No ports matched 'IO_L1P_T0_35'. [C:/Users/Asus/Desktop/MicroZed/ZedBoard/ZedBoard.srcs/constrs_1/imports/Downloads/Z7010 or Z7020 MicroZed with MBCC-BRK-PCB-A_v2.xdc:120]
CRITICAL WARNING: [Common 17-55] 'set_property' expects at least one object. [C:/Users/Asus/Desktop/MicroZed/ZedBoard/ZedBoard.srcs/constrs_1/imports/Downloads/Z7010 or Z7020 MicroZed with MBCC-BRK-PCB-A_v2.xdc:120]
Resolution: If [get_<value>] was used to populate the object, check to make sure this command returns at least one valid object.
WARNING: [Vivado 12-584] No ports matched 'IO_L2N_T0_35'. [C:/Users/Asus/Desktop/MicroZed/ZedBoard/ZedBoard.srcs/constrs_1/imports/Downloads/Z7010 or Z7020 MicroZed with MBCC-BRK-PCB-A_v2.xdc:121]
CRITICAL WARNING: [Common 17-55] 'set_property' expects at least one object. [C:/Users/Asus/Desktop/MicroZed/ZedBoard/ZedBoard.srcs/constrs_1/imports/Downloads/Z7010 or Z7020 MicroZed with MBCC-BRK-PCB-A_v2.xdc:121]
Resolution: If [get_<value>] was used to populate the object, check to make sure this command returns at least one valid object.
WARNING: [Vivado 12-584] No ports matched 'IO_L2P_T0_35'. [C:/Users/Asus/Desktop/MicroZed/ZedBoard/ZedBoard.srcs/constrs_1/imports/Downloads/Z7010 or Z7020 MicroZed with MBCC-BRK-PCB-A_v2.xdc:122]
CRITICAL WARNING: [Common 17-55] 'set_property' expects at least one object. [C:/Users/Asus/Desktop/MicroZed/ZedBoard/ZedBoard.srcs/constrs_1/imports/Downloads/Z7010 or Z7020 MicroZed with MBCC-BRK-PCB-A_v2.xdc:122]
Resolution: If [get_<value>] was used to populate the object, check to make sure this command returns at least one valid object.
WARNING: [Vivado 12-584] No ports matched 'IO_L3N_T0_35'. [C:/Users/Asus/Desktop/MicroZed/ZedBoard/ZedBoard.srcs/constrs_1/imports/Downloads/Z7010 or Z7020 MicroZed with MBCC-BRK-PCB-A_v2.xdc:123]
CRITICAL WARNING: [Common 17-55] 'set_property' expects at least one object. [C:/Users/Asus/Desktop/MicroZed/ZedBoard/ZedBoard.srcs/constrs_1/imports/Downloads/Z7010 or Z7020 MicroZed with MBCC-BRK-PCB-A_v2.xdc:123]
Resolution: If [get_<value>] was used to populate the object, check to make sure this command returns at least one valid object.
WARNING: [Vivado 12-584] No ports matched 'IO_L3P_T0_35'. [C:/Users/Asus/Desktop/MicroZed/ZedBoard/ZedBoard.srcs/constrs_1/imports/Downloads/Z7010 or Z7020 MicroZed with MBCC-BRK-PCB-A_v2.xdc:124]
CRITICAL WARNING: [Common 17-55] 'set_property' expects at least one object. [C:/Users/Asus/Desktop/MicroZed/ZedBoard/ZedBoard.srcs/constrs_1/imports/Downloads/Z7010 or Z7020 MicroZed with MBCC-BRK-PCB-A_v2.xdc:124]
Resolution: If [get_<value>] was used to populate the object, check to make sure this command returns at least one valid object.
WARNING: [Vivado 12-584] No ports matched 'IO_L4N_T0_35'. [C:/Users/Asus/Desktop/MicroZed/ZedBoard/ZedBoard.srcs/constrs_1/imports/Downloads/Z7010 or Z7020 MicroZed with MBCC-BRK-PCB-A_v2.xdc:125]
CRITICAL WARNING: [Common 17-55] 'set_property' expects at least one object. [C:/Users/Asus/Desktop/MicroZed/ZedBoard/ZedBoard.srcs/constrs_1/imports/Downloads/Z7010 or Z7020 MicroZed with MBCC-BRK-PCB-A_v2.xdc:125]
Resolution: If [get_<value>] was used to populate the object, check to make sure this command returns at least one valid object.
WARNING: [Vivado 12-584] No ports matched 'IO_L4P_T0_35'. [C:/Users/Asus/Desktop/MicroZed/ZedBoard/ZedBoard.srcs/constrs_1/imports/Downloads/Z7010 or Z7020 MicroZed with MBCC-BRK-PCB-A_v2.xdc:126]
CRITICAL WARNING: [Common 17-55] 'set_property' expects at least one object. [C:/Users/Asus/Desktop/MicroZed/ZedBoard/ZedBoard.srcs/constrs_1/imports/Downloads/Z7010 or Z7020 MicroZed with MBCC-BRK-PCB-A_v2.xdc:126]
Resolution: If [get_<value>] was used to populate the object, check to make sure this command returns at least one valid object.
WARNING: [Vivado 12-584] No ports matched 'IO_L5N_T0_35'. [C:/Users/Asus/Desktop/MicroZed/ZedBoard/ZedBoard.srcs/constrs_1/imports/Downloads/Z7010 or Z7020 MicroZed with MBCC-BRK-PCB-A_v2.xdc:127]
CRITICAL WARNING: [Common 17-55] 'set_property' expects at least one object. [C:/Users/Asus/Desktop/MicroZed/ZedBoard/ZedBoard.srcs/constrs_1/imports/Downloads/Z7010 or Z7020 MicroZed with MBCC-BRK-PCB-A_v2.xdc:127]
Resolution: If [get_<value>] was used to populate the object, check to make sure this command returns at least one valid object.
WARNING: [Vivado 12-584] No ports matched 'IO_L5P_T0_35'. [C:/Users/Asus/Desktop/MicroZed/ZedBoard/ZedBoard.srcs/constrs_1/imports/Downloads/Z7010 or Z7020 MicroZed with MBCC-BRK-PCB-A_v2.xdc:128]
CRITICAL WARNING: [Common 17-55] 'set_property' expects at least one object. [C:/Users/Asus/Desktop/MicroZed/ZedBoard/ZedBoard.srcs/constrs_1/imports/Downloads/Z7010 or Z7020 MicroZed with MBCC-BRK-PCB-A_v2.xdc:128]
Resolution: If [get_<value>] was used to populate the object, check to make sure this command returns at least one valid object.
WARNING: [Vivado 12-584] No ports matched 'IO_L6N_T0_35'. [C:/Users/Asus/Desktop/MicroZed/ZedBoard/ZedBoard.srcs/constrs_1/imports/Downloads/Z7010 or Z7020 MicroZed with MBCC-BRK-PCB-A_v2.xdc:129]
CRITICAL WARNING: [Common 17-55] 'set_property' expects at least one object. [C:/Users/Asus/Desktop/MicroZed/ZedBoard/ZedBoard.srcs/constrs_1/imports/Downloads/Z7010 or Z7020 MicroZed with MBCC-BRK-PCB-A_v2.xdc:129]
Resolution: If [get_<value>] was used to populate the object, check to make sure this command returns at least one valid object.
WARNING: [Vivado 12-584] No ports matched 'IO_L6P_T0_35'. [C:/Users/Asus/Desktop/MicroZed/ZedBoard/ZedBoard.srcs/constrs_1/imports/Downloads/Z7010 or Z7020 MicroZed with MBCC-BRK-PCB-A_v2.xdc:130]
CRITICAL WARNING: [Common 17-55] 'set_property' expects at least one object. [C:/Users/Asus/Desktop/MicroZed/ZedBoard/ZedBoard.srcs/constrs_1/imports/Downloads/Z7010 or Z7020 MicroZed with MBCC-BRK-PCB-A_v2.xdc:130]
Resolution: If [get_<value>] was used to populate the object, check to make sure this command returns at least one valid object.
WARNING: [Vivado 12-584] No ports matched 'IO_L7N_T1_35'. [C:/Users/Asus/Desktop/MicroZed/ZedBoard/ZedBoard.srcs/constrs_1/imports/Downloads/Z7010 or Z7020 MicroZed with MBCC-BRK-PCB-A_v2.xdc:131]
CRITICAL WARNING: [Common 17-55] 'set_property' expects at least one object. [C:/Users/Asus/Desktop/MicroZed/ZedBoard/ZedBoard.srcs/constrs_1/imports/Downloads/Z7010 or Z7020 MicroZed with MBCC-BRK-PCB-A_v2.xdc:131]
Resolution: If [get_<value>] was used to populate the object, check to make sure this command returns at least one valid object.
WARNING: [Vivado 12-584] No ports matched 'IO_L7P_T1_35'. [C:/Users/Asus/Desktop/MicroZed/ZedBoard/ZedBoard.srcs/constrs_1/imports/Downloads/Z7010 or Z7020 MicroZed with MBCC-BRK-PCB-A_v2.xdc:132]
CRITICAL WARNING: [Common 17-55] 'set_property' expects at least one object. [C:/Users/Asus/Desktop/MicroZed/ZedBoard/ZedBoard.srcs/constrs_1/imports/Downloads/Z7010 or Z7020 MicroZed with MBCC-BRK-PCB-A_v2.xdc:132]
Resolution: If [get_<value>] was used to populate the object, check to make sure this command returns at least one valid object.
WARNING: [Vivado 12-584] No ports matched 'IO_L8N_T1_35'. [C:/Users/Asus/Desktop/MicroZed/ZedBoard/ZedBoard.srcs/constrs_1/imports/Downloads/Z7010 or Z7020 MicroZed with MBCC-BRK-PCB-A_v2.xdc:133]
CRITICAL WARNING: [Common 17-55] 'set_property' expects at least one object. [C:/Users/Asus/Desktop/MicroZed/ZedBoard/ZedBoard.srcs/constrs_1/imports/Downloads/Z7010 or Z7020 MicroZed with MBCC-BRK-PCB-A_v2.xdc:133]
Resolution: If [get_<value>] was used to populate the object, check to make sure this command returns at least one valid object.
WARNING: [Vivado 12-584] No ports matched 'IO_L8P_T1_35'. [C:/Users/Asus/Desktop/MicroZed/ZedBoard/ZedBoard.srcs/constrs_1/imports/Downloads/Z7010 or Z7020 MicroZed with MBCC-BRK-PCB-A_v2.xdc:134]
CRITICAL WARNING: [Common 17-55] 'set_property' expects at least one object. [C:/Users/Asus/Desktop/MicroZed/ZedBoard/ZedBoard.srcs/constrs_1/imports/Downloads/Z7010 or Z7020 MicroZed with MBCC-BRK-PCB-A_v2.xdc:134]
Resolution: If [get_<value>] was used to populate the object, check to make sure this command returns at least one valid object.
WARNING: [Vivado 12-584] No ports matched 'IO_L9N_T1_35'. [C:/Users/Asus/Desktop/MicroZed/ZedBoard/ZedBoard.srcs/constrs_1/imports/Downloads/Z7010 or Z7020 MicroZed with MBCC-BRK-PCB-A_v2.xdc:135]
CRITICAL WARNING: [Common 17-55] 'set_property' expects at least one object. [C:/Users/Asus/Desktop/MicroZed/ZedBoard/ZedBoard.srcs/constrs_1/imports/Downloads/Z7010 or Z7020 MicroZed with MBCC-BRK-PCB-A_v2.xdc:135]
Resolution: If [get_<value>] was used to populate the object, check to make sure this command returns at least one valid object.
WARNING: [Vivado 12-584] No ports matched 'IO_L9P_T1_35'. [C:/Users/Asus/Desktop/MicroZed/ZedBoard/ZedBoard.srcs/constrs_1/imports/Downloads/Z7010 or Z7020 MicroZed with MBCC-BRK-PCB-A_v2.xdc:136]
CRITICAL WARNING: [Common 17-55] 'set_property' expects at least one object. [C:/Users/Asus/Desktop/MicroZed/ZedBoard/ZedBoard.srcs/constrs_1/imports/Downloads/Z7010 or Z7020 MicroZed with MBCC-BRK-PCB-A_v2.xdc:136]
Resolution: If [get_<value>] was used to populate the object, check to make sure this command returns at least one valid object.
WARNING: [Vivado 12-584] No ports matched 'IO_L10N_T1_35'. [C:/Users/Asus/Desktop/MicroZed/ZedBoard/ZedBoard.srcs/constrs_1/imports/Downloads/Z7010 or Z7020 MicroZed with MBCC-BRK-PCB-A_v2.xdc:137]
CRITICAL WARNING: [Common 17-55] 'set_property' expects at least one object. [C:/Users/Asus/Desktop/MicroZed/ZedBoard/ZedBoard.srcs/constrs_1/imports/Downloads/Z7010 or Z7020 MicroZed with MBCC-BRK-PCB-A_v2.xdc:137]
Resolution: If [get_<value>] was used to populate the object, check to make sure this command returns at least one valid object.
WARNING: [Vivado 12-584] No ports matched 'IO_L10P_T1_35'. [C:/Users/Asus/Desktop/MicroZed/ZedBoard/ZedBoard.srcs/constrs_1/imports/Downloads/Z7010 or Z7020 MicroZed with MBCC-BRK-PCB-A_v2.xdc:138]
CRITICAL WARNING: [Common 17-55] 'set_property' expects at least one object. [C:/Users/Asus/Desktop/MicroZed/ZedBoard/ZedBoard.srcs/constrs_1/imports/Downloads/Z7010 or Z7020 MicroZed with MBCC-BRK-PCB-A_v2.xdc:138]
Resolution: If [get_<value>] was used to populate the object, check to make sure this command returns at least one valid object.
WARNING: [Vivado 12-584] No ports matched 'IO_L11N_T1_35'. [C:/Users/Asus/Desktop/MicroZed/ZedBoard/ZedBoard.srcs/constrs_1/imports/Downloads/Z7010 or Z7020 MicroZed with MBCC-BRK-PCB-A_v2.xdc:139]
CRITICAL WARNING: [Common 17-55] 'set_property' expects at least one object. [C:/Users/Asus/Desktop/MicroZed/ZedBoard/ZedBoard.srcs/constrs_1/imports/Downloads/Z7010 or Z7020 MicroZed with MBCC-BRK-PCB-A_v2.xdc:139]
Resolution: If [get_<value>] was used to populate the object, check to make sure this command returns at least one valid object.
WARNING: [Vivado 12-584] No ports matched 'IO_L11P_T1_35'. [C:/Users/Asus/Desktop/MicroZed/ZedBoard/ZedBoard.srcs/constrs_1/imports/Downloads/Z7010 or Z7020 MicroZed with MBCC-BRK-PCB-A_v2.xdc:140]
CRITICAL WARNING: [Common 17-55] 'set_property' expects at least one object. [C:/Users/Asus/Desktop/MicroZed/ZedBoard/ZedBoard.srcs/constrs_1/imports/Downloads/Z7010 or Z7020 MicroZed with MBCC-BRK-PCB-A_v2.xdc:140]
Resolution: If [get_<value>] was used to populate the object, check to make sure this command returns at least one valid object.
WARNING: [Vivado 12-584] No ports matched 'IO_L12N_T1_35'. [C:/Users/Asus/Desktop/MicroZed/ZedBoard/ZedBoard.srcs/constrs_1/imports/Downloads/Z7010 or Z7020 MicroZed with MBCC-BRK-PCB-A_v2.xdc:141]
CRITICAL WARNING: [Common 17-55] 'set_property' expects at least one object. [C:/Users/Asus/Desktop/MicroZed/ZedBoard/ZedBoard.srcs/constrs_1/imports/Downloads/Z7010 or Z7020 MicroZed with MBCC-BRK-PCB-A_v2.xdc:141]
Resolution: If [get_<value>] was used to populate the object, check to make sure this command returns at least one valid object.
WARNING: [Vivado 12-584] No ports matched 'IO_L12P_T1_35'. [C:/Users/Asus/Desktop/MicroZed/ZedBoard/ZedBoard.srcs/constrs_1/imports/Downloads/Z7010 or Z7020 MicroZed with MBCC-BRK-PCB-A_v2.xdc:142]
CRITICAL WARNING: [Common 17-55] 'set_property' expects at least one object. [C:/Users/Asus/Desktop/MicroZed/ZedBoard/ZedBoard.srcs/constrs_1/imports/Downloads/Z7010 or Z7020 MicroZed with MBCC-BRK-PCB-A_v2.xdc:142]
Resolution: If [get_<value>] was used to populate the object, check to make sure this command returns at least one valid object.
WARNING: [Vivado 12-584] No ports matched 'IO_L13N_T2_35'. [C:/Users/Asus/Desktop/MicroZed/ZedBoard/ZedBoard.srcs/constrs_1/imports/Downloads/Z7010 or Z7020 MicroZed with MBCC-BRK-PCB-A_v2.xdc:143]
CRITICAL WARNING: [Common 17-55] 'set_property' expects at least one object. [C:/Users/Asus/Desktop/MicroZed/ZedBoard/ZedBoard.srcs/constrs_1/imports/Downloads/Z7010 or Z7020 MicroZed with MBCC-BRK-PCB-A_v2.xdc:143]
Resolution: If [get_<value>] was used to populate the object, check to make sure this command returns at least one valid object.
WARNING: [Vivado 12-584] No ports matched 'IO_L13P_T2_35'. [C:/Users/Asus/Desktop/MicroZed/ZedBoard/ZedBoard.srcs/constrs_1/imports/Downloads/Z7010 or Z7020 MicroZed with MBCC-BRK-PCB-A_v2.xdc:144]
CRITICAL WARNING: [Common 17-55] 'set_property' expects at least one object. [C:/Users/Asus/Desktop/MicroZed/ZedBoard/ZedBoard.srcs/constrs_1/imports/Downloads/Z7010 or Z7020 MicroZed with MBCC-BRK-PCB-A_v2.xdc:144]
Resolution: If [get_<value>] was used to populate the object, check to make sure this command returns at least one valid object.
WARNING: [Vivado 12-584] No ports matched 'IO_L14N_T2_35'. [C:/Users/Asus/Desktop/MicroZed/ZedBoard/ZedBoard.srcs/constrs_1/imports/Downloads/Z7010 or Z7020 MicroZed with MBCC-BRK-PCB-A_v2.xdc:145]
CRITICAL WARNING: [Common 17-55] 'set_property' expects at least one object. [C:/Users/Asus/Desktop/MicroZed/ZedBoard/ZedBoard.srcs/constrs_1/imports/Downloads/Z7010 or Z7020 MicroZed with MBCC-BRK-PCB-A_v2.xdc:145]
Resolution: If [get_<value>] was used to populate the object, check to make sure this command returns at least one valid object.
WARNING: [Vivado 12-584] No ports matched 'IO_L14P_T2_35'. [C:/Users/Asus/Desktop/MicroZed/ZedBoard/ZedBoard.srcs/constrs_1/imports/Downloads/Z7010 or Z7020 MicroZed with MBCC-BRK-PCB-A_v2.xdc:146]
CRITICAL WARNING: [Common 17-55] 'set_property' expects at least one object. [C:/Users/Asus/Desktop/MicroZed/ZedBoard/ZedBoard.srcs/constrs_1/imports/Downloads/Z7010 or Z7020 MicroZed with MBCC-BRK-PCB-A_v2.xdc:146]
Resolution: If [get_<value>] was used to populate the object, check to make sure this command returns at least one valid object.
WARNING: [Vivado 12-584] No ports matched 'IO_L15N_T2_35'. [C:/Users/Asus/Desktop/MicroZed/ZedBoard/ZedBoard.srcs/constrs_1/imports/Downloads/Z7010 or Z7020 MicroZed with MBCC-BRK-PCB-A_v2.xdc:147]
CRITICAL WARNING: [Common 17-55] 'set_property' expects at least one object. [C:/Users/Asus/Desktop/MicroZed/ZedBoard/ZedBoard.srcs/constrs_1/imports/Downloads/Z7010 or Z7020 MicroZed with MBCC-BRK-PCB-A_v2.xdc:147]
Resolution: If [get_<value>] was used to populate the object, check to make sure this command returns at least one valid object.
WARNING: [Vivado 12-584] No ports matched 'IO_L15P_T2_35'. [C:/Users/Asus/Desktop/MicroZed/ZedBoard/ZedBoard.srcs/constrs_1/imports/Downloads/Z7010 or Z7020 MicroZed with MBCC-BRK-PCB-A_v2.xdc:148]
CRITICAL WARNING: [Common 17-55] 'set_property' expects at least one object. [C:/Users/Asus/Desktop/MicroZed/ZedBoard/ZedBoard.srcs/constrs_1/imports/Downloads/Z7010 or Z7020 MicroZed with MBCC-BRK-PCB-A_v2.xdc:148]
Resolution: If [get_<value>] was used to populate the object, check to make sure this command returns at least one valid object.
WARNING: [Vivado 12-584] No ports matched 'IO_L16N_T2_35'. [C:/Users/Asus/Desktop/MicroZed/ZedBoard/ZedBoard.srcs/constrs_1/imports/Downloads/Z7010 or Z7020 MicroZed with MBCC-BRK-PCB-A_v2.xdc:149]
CRITICAL WARNING: [Common 17-55] 'set_property' expects at least one object. [C:/Users/Asus/Desktop/MicroZed/ZedBoard/ZedBoard.srcs/constrs_1/imports/Downloads/Z7010 or Z7020 MicroZed with MBCC-BRK-PCB-A_v2.xdc:149]
Resolution: If [get_<value>] was used to populate the object, check to make sure this command returns at least one valid object.
WARNING: [Vivado 12-584] No ports matched 'IO_L16P_T2_35'. [C:/Users/Asus/Desktop/MicroZed/ZedBoard/ZedBoard.srcs/constrs_1/imports/Downloads/Z7010 or Z7020 MicroZed with MBCC-BRK-PCB-A_v2.xdc:150]
CRITICAL WARNING: [Common 17-55] 'set_property' expects at least one object. [C:/Users/Asus/Desktop/MicroZed/ZedBoard/ZedBoard.srcs/constrs_1/imports/Downloads/Z7010 or Z7020 MicroZed with MBCC-BRK-PCB-A_v2.xdc:150]
Resolution: If [get_<value>] was used to populate the object, check to make sure this command returns at least one valid object.
WARNING: [Vivado 12-584] No ports matched 'IO_L17N_T2_35'. [C:/Users/Asus/Desktop/MicroZed/ZedBoard/ZedBoard.srcs/constrs_1/imports/Downloads/Z7010 or Z7020 MicroZed with MBCC-BRK-PCB-A_v2.xdc:151]
CRITICAL WARNING: [Common 17-55] 'set_property' expects at least one object. [C:/Users/Asus/Desktop/MicroZed/ZedBoard/ZedBoard.srcs/constrs_1/imports/Downloads/Z7010 or Z7020 MicroZed with MBCC-BRK-PCB-A_v2.xdc:151]
Resolution: If [get_<value>] was used to populate the object, check to make sure this command returns at least one valid object.
WARNING: [Vivado 12-584] No ports matched 'IO_L17P_T2_35'. [C:/Users/Asus/Desktop/MicroZed/ZedBoard/ZedBoard.srcs/constrs_1/imports/Downloads/Z7010 or Z7020 MicroZed with MBCC-BRK-PCB-A_v2.xdc:152]
CRITICAL WARNING: [Common 17-55] 'set_property' expects at least one object. [C:/Users/Asus/Desktop/MicroZed/ZedBoard/ZedBoard.srcs/constrs_1/imports/Downloads/Z7010 or Z7020 MicroZed with MBCC-BRK-PCB-A_v2.xdc:152]
Resolution: If [get_<value>] was used to populate the object, check to make sure this command returns at least one valid object.
WARNING: [Vivado 12-584] No ports matched 'IO_L18N_T2_35'. [C:/Users/Asus/Desktop/MicroZed/ZedBoard/ZedBoard.srcs/constrs_1/imports/Downloads/Z7010 or Z7020 MicroZed with MBCC-BRK-PCB-A_v2.xdc:153]
CRITICAL WARNING: [Common 17-55] 'set_property' expects at least one object. [C:/Users/Asus/Desktop/MicroZed/ZedBoard/ZedBoard.srcs/constrs_1/imports/Downloads/Z7010 or Z7020 MicroZed with MBCC-BRK-PCB-A_v2.xdc:153]
Resolution: If [get_<value>] was used to populate the object, check to make sure this command returns at least one valid object.
WARNING: [Vivado 12-584] No ports matched 'IO_L18P_T2_35'. [C:/Users/Asus/Desktop/MicroZed/ZedBoard/ZedBoard.srcs/constrs_1/imports/Downloads/Z7010 or Z7020 MicroZed with MBCC-BRK-PCB-A_v2.xdc:154]
CRITICAL WARNING: [Common 17-55] 'set_property' expects at least one object. [C:/Users/Asus/Desktop/MicroZed/ZedBoard/ZedBoard.srcs/constrs_1/imports/Downloads/Z7010 or Z7020 MicroZed with MBCC-BRK-PCB-A_v2.xdc:154]
Resolution: If [get_<value>] was used to populate the object, check to make sure this command returns at least one valid object.
WARNING: [Vivado 12-584] No ports matched 'IO_L19N_T3_35'. [C:/Users/Asus/Desktop/MicroZed/ZedBoard/ZedBoard.srcs/constrs_1/imports/Downloads/Z7010 or Z7020 MicroZed with MBCC-BRK-PCB-A_v2.xdc:155]
CRITICAL WARNING: [Common 17-55] 'set_property' expects at least one object. [C:/Users/Asus/Desktop/MicroZed/ZedBoard/ZedBoard.srcs/constrs_1/imports/Downloads/Z7010 or Z7020 MicroZed with MBCC-BRK-PCB-A_v2.xdc:155]
Resolution: If [get_<value>] was used to populate the object, check to make sure this command returns at least one valid object.
WARNING: [Vivado 12-584] No ports matched 'IO_L19P_T3_35'. [C:/Users/Asus/Desktop/MicroZed/ZedBoard/ZedBoard.srcs/constrs_1/imports/Downloads/Z7010 or Z7020 MicroZed with MBCC-BRK-PCB-A_v2.xdc:156]
CRITICAL WARNING: [Common 17-55] 'set_property' expects at least one object. [C:/Users/Asus/Desktop/MicroZed/ZedBoard/ZedBoard.srcs/constrs_1/imports/Downloads/Z7010 or Z7020 MicroZed with MBCC-BRK-PCB-A_v2.xdc:156]
Resolution: If [get_<value>] was used to populate the object, check to make sure this command returns at least one valid object.
WARNING: [Vivado 12-584] No ports matched 'IO_L20N_T3_35'. [C:/Users/Asus/Desktop/MicroZed/ZedBoard/ZedBoard.srcs/constrs_1/imports/Downloads/Z7010 or Z7020 MicroZed with MBCC-BRK-PCB-A_v2.xdc:157]
CRITICAL WARNING: [Common 17-55] 'set_property' expects at least one object. [C:/Users/Asus/Desktop/MicroZed/ZedBoard/ZedBoard.srcs/constrs_1/imports/Downloads/Z7010 or Z7020 MicroZed with MBCC-BRK-PCB-A_v2.xdc:157]
Resolution: If [get_<value>] was used to populate the object, check to make sure this command returns at least one valid object.
WARNING: [Vivado 12-584] No ports matched 'IO_L20P_T3_35'. [C:/Users/Asus/Desktop/MicroZed/ZedBoard/ZedBoard.srcs/constrs_1/imports/Downloads/Z7010 or Z7020 MicroZed with MBCC-BRK-PCB-A_v2.xdc:158]
CRITICAL WARNING: [Common 17-55] 'set_property' expects at least one object. [C:/Users/Asus/Desktop/MicroZed/ZedBoard/ZedBoard.srcs/constrs_1/imports/Downloads/Z7010 or Z7020 MicroZed with MBCC-BRK-PCB-A_v2.xdc:158]
Resolution: If [get_<value>] was used to populate the object, check to make sure this command returns at least one valid object.
WARNING: [Vivado 12-584] No ports matched 'IO_L21N_T3_35'. [C:/Users/Asus/Desktop/MicroZed/ZedBoard/ZedBoard.srcs/constrs_1/imports/Downloads/Z7010 or Z7020 MicroZed with MBCC-BRK-PCB-A_v2.xdc:159]
CRITICAL WARNING: [Common 17-55] 'set_property' expects at least one object. [C:/Users/Asus/Desktop/MicroZed/ZedBoard/ZedBoard.srcs/constrs_1/imports/Downloads/Z7010 or Z7020 MicroZed with MBCC-BRK-PCB-A_v2.xdc:159]
Resolution: If [get_<value>] was used to populate the object, check to make sure this command returns at least one valid object.
WARNING: [Vivado 12-584] No ports matched 'IO_L21P_T3_35'. [C:/Users/Asus/Desktop/MicroZed/ZedBoard/ZedBoard.srcs/constrs_1/imports/Downloads/Z7010 or Z7020 MicroZed with MBCC-BRK-PCB-A_v2.xdc:160]
CRITICAL WARNING: [Common 17-55] 'set_property' expects at least one object. [C:/Users/Asus/Desktop/MicroZed/ZedBoard/ZedBoard.srcs/constrs_1/imports/Downloads/Z7010 or Z7020 MicroZed with MBCC-BRK-PCB-A_v2.xdc:160]
Resolution: If [get_<value>] was used to populate the object, check to make sure this command returns at least one valid object.
WARNING: [Vivado 12-584] No ports matched 'IO_L22N_T3_35'. [C:/Users/Asus/Desktop/MicroZed/ZedBoard/ZedBoard.srcs/constrs_1/imports/Downloads/Z7010 or Z7020 MicroZed with MBCC-BRK-PCB-A_v2.xdc:161]
CRITICAL WARNING: [Common 17-55] 'set_property' expects at least one object. [C:/Users/Asus/Desktop/MicroZed/ZedBoard/ZedBoard.srcs/constrs_1/imports/Downloads/Z7010 or Z7020 MicroZed with MBCC-BRK-PCB-A_v2.xdc:161]
Resolution: If [get_<value>] was used to populate the object, check to make sure this command returns at least one valid object.
WARNING: [Vivado 12-584] No ports matched 'IO_L22P_T3_35'. [C:/Users/Asus/Desktop/MicroZed/ZedBoard/ZedBoard.srcs/constrs_1/imports/Downloads/Z7010 or Z7020 MicroZed with MBCC-BRK-PCB-A_v2.xdc:162]
CRITICAL WARNING: [Common 17-55] 'set_property' expects at least one object. [C:/Users/Asus/Desktop/MicroZed/ZedBoard/ZedBoard.srcs/constrs_1/imports/Downloads/Z7010 or Z7020 MicroZed with MBCC-BRK-PCB-A_v2.xdc:162]
Resolution: If [get_<value>] was used to populate the object, check to make sure this command returns at least one valid object.
WARNING: [Vivado 12-584] No ports matched 'IO_L23N_T3_35'. [C:/Users/Asus/Desktop/MicroZed/ZedBoard/ZedBoard.srcs/constrs_1/imports/Downloads/Z7010 or Z7020 MicroZed with MBCC-BRK-PCB-A_v2.xdc:163]
CRITICAL WARNING: [Common 17-55] 'set_property' expects at least one object. [C:/Users/Asus/Desktop/MicroZed/ZedBoard/ZedBoard.srcs/constrs_1/imports/Downloads/Z7010 or Z7020 MicroZed with MBCC-BRK-PCB-A_v2.xdc:163]
Resolution: If [get_<value>] was used to populate the object, check to make sure this command returns at least one valid object.
WARNING: [Vivado 12-584] No ports matched 'IO_L23P_T3_35'. [C:/Users/Asus/Desktop/MicroZed/ZedBoard/ZedBoard.srcs/constrs_1/imports/Downloads/Z7010 or Z7020 MicroZed with MBCC-BRK-PCB-A_v2.xdc:164]
CRITICAL WARNING: [Common 17-55] 'set_property' expects at least one object. [C:/Users/Asus/Desktop/MicroZed/ZedBoard/ZedBoard.srcs/constrs_1/imports/Downloads/Z7010 or Z7020 MicroZed with MBCC-BRK-PCB-A_v2.xdc:164]
Resolution: If [get_<value>] was used to populate the object, check to make sure this command returns at least one valid object.
WARNING: [Vivado 12-584] No ports matched 'IO_L24N_T3_35'. [C:/Users/Asus/Desktop/MicroZed/ZedBoard/ZedBoard.srcs/constrs_1/imports/Downloads/Z7010 or Z7020 MicroZed with MBCC-BRK-PCB-A_v2.xdc:165]
CRITICAL WARNING: [Common 17-55] 'set_property' expects at least one object. [C:/Users/Asus/Desktop/MicroZed/ZedBoard/ZedBoard.srcs/constrs_1/imports/Downloads/Z7010 or Z7020 MicroZed with MBCC-BRK-PCB-A_v2.xdc:165]
Resolution: If [get_<value>] was used to populate the object, check to make sure this command returns at least one valid object.
WARNING: [Vivado 12-584] No ports matched 'IO_L24P_T3_35'. [C:/Users/Asus/Desktop/MicroZed/ZedBoard/ZedBoard.srcs/constrs_1/imports/Downloads/Z7010 or Z7020 MicroZed with MBCC-BRK-PCB-A_v2.xdc:166]
INFO: [Common 17-14] Message 'Vivado 12-584' appears 100 times and further instances of the messages will be disabled. Use the Tcl command set_msg_config to change the current settings. [C:/Users/Asus/Desktop/MicroZed/ZedBoard/ZedBoard.srcs/constrs_1/imports/Downloads/Z7010 or Z7020 MicroZed with MBCC-BRK-PCB-A_v2.xdc:166]
CRITICAL WARNING: [Common 17-55] 'set_property' expects at least one object. [C:/Users/Asus/Desktop/MicroZed/ZedBoard/ZedBoard.srcs/constrs_1/imports/Downloads/Z7010 or Z7020 MicroZed with MBCC-BRK-PCB-A_v2.xdc:166]
Resolution: If [get_<value>] was used to populate the object, check to make sure this command returns at least one valid object.
INFO: [Common 17-14] Message 'Common 17-55' appears 100 times and further instances of the messages will be disabled. Use the Tcl command set_msg_config to change the current settings. [C:/Users/Asus/Desktop/MicroZed/ZedBoard/ZedBoard.srcs/constrs_1/imports/Downloads/Z7010 or Z7020 MicroZed with MBCC-BRK-PCB-A_v2.xdc:166]
Finished Parsing XDC File [C:/Users/Asus/Desktop/MicroZed/ZedBoard/ZedBoard.srcs/constrs_1/imports/Downloads/Z7010 or Z7020 MicroZed with MBCC-BRK-PCB-A_v2.xdc]
INFO: [Opt 31-138] Pushed 0 inverter(s) to 0 load pin(s).
INFO: [Project 1-111] Unisim Transformation Summary:
No Unisim elements were transformed.

open_run: Time (s): cpu = 00:01:08 ; elapsed = 00:01:06 . Memory (MB): peak = 1303.523 ; gain = 248.086
place_ports {gpio_tri_o[0]} R19
place_ports {gpio_tri_o[1]} T11
set_property iostandard LVCMOS18 [get_ports [list {gpio_tri_o[0]}]]
set_property iostandard LVCMOS18 [get_ports [list {gpio_tri_o[1]}]]
close [ open C:/Users/Asus/Desktop/MicroZed/ZedBoard/ZedBoard.srcs/constrs_1/new/Stepper_DC.xdc w ]
add_files -fileset constrs_1 C:/Users/Asus/Desktop/MicroZed/ZedBoard/ZedBoard.srcs/constrs_1/new/Stepper_DC.xdc
set_property target_constrs_file C:/Users/Asus/Desktop/MicroZed/ZedBoard/ZedBoard.srcs/constrs_1/new/Stepper_DC.xdc [current_fileset -constrset]
save_constraints -force
refresh_design
INFO: [Project 1-570] Preparing netlist for logic optimization
Parsing XDC File [c:/Users/Asus/Desktop/MicroZed/ZedBoard/ZedBoard.srcs/sources_1/bd/System/ip/System_processing_system7_0_1/System_processing_system7_0_1.xdc] for cell 'System_i/processing_system7_0/inst'
Finished Parsing XDC File [c:/Users/Asus/Desktop/MicroZed/ZedBoard/ZedBoard.srcs/sources_1/bd/System/ip/System_processing_system7_0_1/System_processing_system7_0_1.xdc] for cell 'System_i/processing_system7_0/inst'
Parsing XDC File [c:/Users/Asus/Desktop/MicroZed/ZedBoard/ZedBoard.srcs/sources_1/bd/System/ip/System_axi_gpio_0_1/System_axi_gpio_0_1_board.xdc] for cell 'System_i/axi_gpio_0/U0'
Finished Parsing XDC File [c:/Users/Asus/Desktop/MicroZed/ZedBoard/ZedBoard.srcs/sources_1/bd/System/ip/System_axi_gpio_0_1/System_axi_gpio_0_1_board.xdc] for cell 'System_i/axi_gpio_0/U0'
Parsing XDC File [c:/Users/Asus/Desktop/MicroZed/ZedBoard/ZedBoard.srcs/sources_1/bd/System/ip/System_axi_gpio_0_1/System_axi_gpio_0_1.xdc] for cell 'System_i/axi_gpio_0/U0'
Finished Parsing XDC File [c:/Users/Asus/Desktop/MicroZed/ZedBoard/ZedBoard.srcs/sources_1/bd/System/ip/System_axi_gpio_0_1/System_axi_gpio_0_1.xdc] for cell 'System_i/axi_gpio_0/U0'
Parsing XDC File [c:/Users/Asus/Desktop/MicroZed/ZedBoard/ZedBoard.srcs/sources_1/bd/System/ip/System_rst_processing_system7_0_50M_0/System_rst_processing_system7_0_50M_0_board.xdc] for cell 'System_i/rst_processing_system7_0_50M/U0'
Finished Parsing XDC File [c:/Users/Asus/Desktop/MicroZed/ZedBoard/ZedBoard.srcs/sources_1/bd/System/ip/System_rst_processing_system7_0_50M_0/System_rst_processing_system7_0_50M_0_board.xdc] for cell 'System_i/rst_processing_system7_0_50M/U0'
Parsing XDC File [c:/Users/Asus/Desktop/MicroZed/ZedBoard/ZedBoard.srcs/sources_1/bd/System/ip/System_rst_processing_system7_0_50M_0/System_rst_processing_system7_0_50M_0.xdc] for cell 'System_i/rst_processing_system7_0_50M/U0'
Finished Parsing XDC File [c:/Users/Asus/Desktop/MicroZed/ZedBoard/ZedBoard.srcs/sources_1/bd/System/ip/System_rst_processing_system7_0_50M_0/System_rst_processing_system7_0_50M_0.xdc] for cell 'System_i/rst_processing_system7_0_50M/U0'
Parsing XDC File [C:/Users/Asus/Desktop/MicroZed/ZedBoard/ZedBoard.srcs/constrs_1/imports/Downloads/Z7010 or Z7020 MicroZed with MBCC-BRK-PCB-A_v2.xdc]
Finished Parsing XDC File [C:/Users/Asus/Desktop/MicroZed/ZedBoard/ZedBoard.srcs/constrs_1/imports/Downloads/Z7010 or Z7020 MicroZed with MBCC-BRK-PCB-A_v2.xdc]
Parsing XDC File [C:/Users/Asus/Desktop/MicroZed/ZedBoard/ZedBoard.srcs/constrs_1/new/Stepper_DC.xdc]
Finished Parsing XDC File [C:/Users/Asus/Desktop/MicroZed/ZedBoard/ZedBoard.srcs/constrs_1/new/Stepper_DC.xdc]
INFO: [Opt 31-138] Pushed 0 inverter(s) to 0 load pin(s).
refresh_design: Time (s): cpu = 00:00:50 ; elapsed = 00:00:33 . Memory (MB): peak = 1745.277 ; gain = 0.000
reset_run synth_1
launch_runs impl_1 -to_step write_bitstream
WARNING: [Project 1-478] Design 'synth_1' is stale and will not be used when launching 'impl_1'
[Wed Jul 06 20:09:03 2016] Launched synth_1...
Run output will be captured here: C:/Users/Asus/Desktop/MicroZed/ZedBoard/ZedBoard.runs/synth_1/runme.log
[Wed Jul 06 20:09:03 2016] Launched impl_1...
Run output will be captured here: C:/Users/Asus/Desktop/MicroZed/ZedBoard/ZedBoard.runs/impl_1/runme.log
close_design
open_run impl_1
INFO: [Project 1-479] Netlist was created with Vivado 2016.2
INFO: [Project 1-570] Preparing netlist for logic optimization
Parsing XDC File [C:/Users/Asus/Desktop/MicroZed/ZedBoard/.Xil/Vivado-9544-Asus-PC/dcp/System_wrapper_early.xdc]
Finished Parsing XDC File [C:/Users/Asus/Desktop/MicroZed/ZedBoard/.Xil/Vivado-9544-Asus-PC/dcp/System_wrapper_early.xdc]
Parsing XDC File [C:/Users/Asus/Desktop/MicroZed/ZedBoard/.Xil/Vivado-9544-Asus-PC/dcp/System_wrapper.xdc]
Finished Parsing XDC File [C:/Users/Asus/Desktop/MicroZed/ZedBoard/.Xil/Vivado-9544-Asus-PC/dcp/System_wrapper.xdc]
Reading XDEF placement.
Reading placer database...
Reading XDEF routing.
Read XDEF File: Time (s): cpu = 00:00:01 ; elapsed = 00:00:01 . Memory (MB): peak = 1745.277 ; gain = 0.000
Restored from archive | CPU: 1.000000 secs | Memory: 0.000000 MB |
Finished XDEF File Restore: Time (s): cpu = 00:00:01 ; elapsed = 00:00:02 . Memory (MB): peak = 1745.277 ; gain = 0.000
INFO: [Project 1-111] Unisim Transformation Summary:
No Unisim elements were transformed.

open_run: Time (s): cpu = 00:00:29 ; elapsed = 00:00:24 . Memory (MB): peak = 1745.277 ; gain = 0.000
file copy -force C:/Users/Asus/Desktop/MicroZed/ZedBoard/ZedBoard.runs/impl_1/System_wrapper.sysdef C:/Users/Asus/Desktop/MicroZed/ZedBoard/ZedBoard.sdk/System_wrapper.hdf

open_bd_design {C:/Users/Asus/Desktop/MicroZed/ZedBoard/ZedBoard.srcs/sources_1/bd/System/System.bd}
set_property location {1.5 252 -10} [get_bd_cells processing_system7_0]
regenerate_bd_layout -routing
save_bd_design
exit
INFO: [Common 17-206] Exiting Vivado at Wed Jul 06 20:21:01 2016...
