#-----------------------------------------------------------
# Webtalk v2016.2 (64-bit)
# SW Build 1577090 on Thu Jun  2 16:32:40 MDT 2016
# 
# Start of session at: Wed Jul 06 21:14:50 2016
# Process ID: 10548
# Current directory: C:/Users/Asus/Desktop/MicroZed/workspace/webtalk
# Command line: wbtcv.exe -mode batch -source sdk_webtalk.tcl
# Log file: C:/Users/Asus/Desktop/MicroZed/workspace/webtalk/webtalk.log
# Journal file: C:/Users/Asus/Desktop/MicroZed/workspace/webtalk\webtalk.jou
#-----------------------------------------------------------
source sdk_webtalk.tcl
# webtalk_init -webtalk_dir C:\\Users\\Asus\\Desktop\\MicroZed\\workspace\\webtalk
# webtalk_register_client -client project
# webtalk_add_data -client project -key date_generated -value "Ñð èþë 6 21:14:47 2016" -context "software_version_and_target_device"
# webtalk_add_data -client project -key product_version -value "SDK v2016.2" -context "software_version_and_target_device"
# webtalk_add_data -client project -key build_version -value "2016.2" -context "software_version_and_target_device"
# webtalk_add_data -client project -key os_platform -value "amd64" -context "software_version_and_target_device"
# webtalk_add_data -client project -key registration_id -value "" -context "software_version_and_target_device"
# webtalk_add_data -client project -key tool_flow -value "SDK" -context "software_version_and_target_device"
# webtalk_add_data -client project -key beta -value "false" -context "software_version_and_target_device"
# webtalk_add_data -client project -key route_design -value "NA" -context "software_version_and_target_device"
# webtalk_add_data -client project -key target_family -value "NA" -context "software_version_and_target_device"
# webtalk_add_data -client project -key target_device -value "NA" -context "software_version_and_target_device"
# webtalk_add_data -client project -key target_package -value "NA" -context "software_version_and_target_device"
# webtalk_add_data -client project -key target_speed -value "NA" -context "software_version_and_target_device"
# webtalk_add_data -client project -key random_id -value "j2knk7oodn2s2jnoee8j23m0ci" -context "software_version_and_target_device"
# webtalk_add_data -client project -key project_id -value "2016.2_4" -context "software_version_and_target_device"
# webtalk_add_data -client project -key project_iteration -value "4" -context "software_version_and_target_device"
# webtalk_add_data -client project -key os_name -value "" -context "user_environment"
# webtalk_add_data -client project -key os_release -value "" -context "user_environment"
# webtalk_add_data -client project -key cpu_name -value "" -context "user_environment"
# webtalk_add_data -client project -key cpu_speed -value "" -context "user_environment"
# webtalk_add_data -client project -key total_processors -value "" -context "user_environment"
# webtalk_add_data -client project -key system_ram -value "" -context "user_environment"
# webtalk_register_client -client sdk
# webtalk_add_data -client sdk -key uid -value "1467827022560" -context "sdk\\\\hardware/1467827022560"
# webtalk_add_data -client sdk -key isZynq -value "true" -context "sdk\\\\hardware/1467827022560"
# webtalk_add_data -client sdk -key Processors -value "2" -context "sdk\\\\hardware/1467827022560"
# webtalk_add_data -client sdk -key VivadoVersion -value "2016.2" -context "sdk\\\\hardware/1467827022560"
# webtalk_add_data -client sdk -key Arch -value "zynq" -context "sdk\\\\hardware/1467827022560"
# webtalk_add_data -client sdk -key Device -value "7z010" -context "sdk\\\\hardware/1467827022560"
# webtalk_add_data -client sdk -key IsHandoff -value "true" -context "sdk\\\\hardware/1467827022560"
# webtalk_add_data -client sdk -key uid -value "1467827042921" -context "sdk\\\\bsp/1467827042921"
# webtalk_add_data -client sdk -key hwid -value "1467827022560" -context "sdk\\\\bsp/1467827042921"
# webtalk_add_data -client sdk -key os -value "standalone" -context "sdk\\\\bsp/1467827042921"
# webtalk_add_data -client sdk -key apptemplate -value "null" -context "sdk\\\\bsp/1467827042921"
# webtalk_add_data -client sdk -key uid -value "1467827141725" -context "sdk\\\\bsp/1467827141725"
# webtalk_add_data -client sdk -key hwid -value "1467827022560" -context "sdk\\\\bsp/1467827141725"
# webtalk_add_data -client sdk -key os -value "standalone" -context "sdk\\\\bsp/1467827141725"
# webtalk_add_data -client sdk -key apptemplate -value "hello_world" -context "sdk\\\\bsp/1467827141725"
# webtalk_add_data -client sdk -key uid -value "1467827151147" -context "sdk\\\\application/1467827151147"
# webtalk_add_data -client sdk -key hwid -value "1467827022560" -context "sdk\\\\application/1467827151147"
# webtalk_add_data -client sdk -key bspid -value "1467827141725" -context "sdk\\\\application/1467827151147"
# webtalk_add_data -client sdk -key newbsp -value "true" -context "sdk\\\\application/1467827151147"
# webtalk_add_data -client sdk -key os -value "standalone" -context "sdk\\\\application/1467827151147"
# webtalk_add_data -client sdk -key apptemplate -value "hello_world" -context "sdk\\\\application/1467827151147"
# webtalk_add_data -client sdk -key uid -value "1467827746430" -context "sdk\\\\bsp/1467827746430"
# webtalk_add_data -client sdk -key hwid -value "1467827022560" -context "sdk\\\\bsp/1467827746430"
# webtalk_add_data -client sdk -key os -value "standalone" -context "sdk\\\\bsp/1467827746430"
# webtalk_add_data -client sdk -key apptemplate -value "hello_world" -context "sdk\\\\bsp/1467827746430"
# webtalk_add_data -client sdk -key uid -value "1467827755950" -context "sdk\\\\application/1467827755950"
# webtalk_add_data -client sdk -key hwid -value "1467827022560" -context "sdk\\\\application/1467827755950"
# webtalk_add_data -client sdk -key bspid -value "1467827746430" -context "sdk\\\\application/1467827755950"
# webtalk_add_data -client sdk -key newbsp -value "true" -context "sdk\\\\application/1467827755950"
# webtalk_add_data -client sdk -key os -value "standalone" -context "sdk\\\\application/1467827755950"
# webtalk_add_data -client sdk -key apptemplate -value "hello_world" -context "sdk\\\\application/1467827755950"
# webtalk_transmit -clientid 1111215695 -regid "" -xml C:\\Users\\Asus\\Desktop\\MicroZed\\workspace\\webtalk\\usage_statistics_ext_sdk.xml -html C:\\Users\\Asus\\Desktop\\MicroZed\\workspace\\webtalk\\usage_statistics_ext_sdk.html -wdm C:\\Users\\Asus\\Desktop\\MicroZed\\workspace\\webtalk\\sdk_webtalk.wdm -intro "<H3>SDK Usage Report</H3><BR>"
webtalk_transmit: Time (s): cpu = 00:00:00 ; elapsed = 00:00:08 . Memory (MB): peak = 49.352 ; gain = 0.000
# webtalk_terminate
INFO: [Common 17-206] Exiting Webtalk at Wed Jul 06 21:15:35 2016...
